{"C:\\Users\\Alvaro\\Desktop\\dev\\fury-of-thor\\src\\core\\persistence.js": {"path":"C:\\Users\\Alvaro\\Desktop\\dev\\fury-of-thor\\src\\core\\persistence.js","statementMap":{"0":{"start":{"line":4,"column":20},"end":{"line":4,"column":45}},"1":{"start":{"line":5,"column":18},"end":{"line":5,"column":23}},"2":{"start":{"line":7,"column":27},"end":{"line":254,"column":1}},"3":{"start":{"line":9,"column":8},"end":{"line":9,"column":28}},"4":{"start":{"line":13,"column":8},"end":{"line":13,"column":27}},"5":{"start":{"line":17,"column":8},"end":{"line":17,"column":32}},"6":{"start":{"line":17,"column":25},"end":{"line":17,"column":32}},"7":{"start":{"line":19,"column":8},"end":{"line":63,"column":9}},"8":{"start":{"line":20,"column":36},"end":{"line":20,"column":57}},"9":{"start":{"line":21,"column":34},"end":{"line":21,"column":52}},"10":{"start":{"line":22,"column":38},"end":{"line":22,"column":87}},"11":{"start":{"line":22,"column":72},"end":{"line":22,"column":85}},"12":{"start":{"line":23,"column":31},"end":{"line":23,"column":49}},"13":{"start":{"line":25,"column":12},"end":{"line":29,"column":15}},"14":{"start":{"line":26,"column":16},"end":{"line":28,"column":17}},"15":{"start":{"line":27,"column":20},"end":{"line":27,"column":51}},"16":{"start":{"line":31,"column":33},"end":{"line":31,"column":56}},"17":{"start":{"line":32,"column":37},"end":{"line":32,"column":67}},"18":{"start":{"line":34,"column":12},"end":{"line":45,"column":15}},"19":{"start":{"line":35,"column":35},"end":{"line":35,"column":58}},"20":{"start":{"line":36,"column":16},"end":{"line":44,"column":17}},"21":{"start":{"line":37,"column":35},"end":{"line":37,"column":68}},"22":{"start":{"line":38,"column":20},"end":{"line":43,"column":21}},"23":{"start":{"line":39,"column":40},"end":{"line":39,"column":72}},"24":{"start":{"line":39,"column":56},"end":{"line":39,"column":71}},"25":{"start":{"line":40,"column":24},"end":{"line":42,"column":25}},"26":{"start":{"line":41,"column":28},"end":{"line":41,"column":67}},"27":{"start":{"line":47,"column":30},"end":{"line":59,"column":13}},"28":{"start":{"line":60,"column":12},"end":{"line":60,"column":73}},"29":{"start":{"line":62,"column":12},"end":{"line":62,"column":61}},"30":{"start":{"line":67,"column":8},"end":{"line":74,"column":9}},"31":{"start":{"line":68,"column":26},"end":{"line":68,"column":59}},"32":{"start":{"line":69,"column":12},"end":{"line":69,"column":36}},"33":{"start":{"line":69,"column":24},"end":{"line":69,"column":36}},"34":{"start":{"line":70,"column":12},"end":{"line":70,"column":37}},"35":{"start":{"line":72,"column":12},"end":{"line":72,"column":62}},"36":{"start":{"line":73,"column":12},"end":{"line":73,"column":24}},"37":{"start":{"line":78,"column":8},"end":{"line":82,"column":9}},"38":{"start":{"line":79,"column":12},"end":{"line":79,"column":49}},"39":{"start":{"line":81,"column":12},"end":{"line":81,"column":63}},"40":{"start":{"line":86,"column":24},"end":{"line":86,"column":100}},"41":{"start":{"line":87,"column":8},"end":{"line":92,"column":9}},"42":{"start":{"line":88,"column":27},"end":{"line":88,"column":60}},"43":{"start":{"line":89,"column":12},"end":{"line":91,"column":13}},"44":{"start":{"line":90,"column":16},"end":{"line":90,"column":32}},"45":{"start":{"line":93,"column":8},"end":{"line":93,"column":29}},"46":{"start":{"line":97,"column":29},"end":{"line":97,"column":52}},"47":{"start":{"line":98,"column":23},"end":{"line":98,"column":25}},"48":{"start":{"line":99,"column":8},"end":{"line":106,"column":11}},"49":{"start":{"line":100,"column":12},"end":{"line":105,"column":13}},"50":{"start":{"line":101,"column":16},"end":{"line":104,"column":19}},"51":{"start":{"line":107,"column":8},"end":{"line":107,"column":22}},"52":{"start":{"line":111,"column":29},"end":{"line":111,"column":57}},"53":{"start":{"line":112,"column":8},"end":{"line":112,"column":39}},"54":{"start":{"line":112,"column":27},"end":{"line":112,"column":39}},"55":{"start":{"line":114,"column":8},"end":{"line":116,"column":9}},"56":{"start":{"line":115,"column":12},"end":{"line":115,"column":32}},"57":{"start":{"line":117,"column":8},"end":{"line":117,"column":20}},"58":{"start":{"line":121,"column":8},"end":{"line":121,"column":71}},"59":{"start":{"line":125,"column":8},"end":{"line":125,"column":48}},"60":{"start":{"line":129,"column":8},"end":{"line":129,"column":40}},"61":{"start":{"line":133,"column":8},"end":{"line":133,"column":42}},"62":{"start":{"line":137,"column":8},"end":{"line":137,"column":34}},"63":{"start":{"line":141,"column":8},"end":{"line":141,"column":42}},"64":{"start":{"line":145,"column":8},"end":{"line":145,"column":34}},"65":{"start":{"line":149,"column":24},"end":{"line":149,"column":100}},"66":{"start":{"line":150,"column":8},"end":{"line":160,"column":11}},"67":{"start":{"line":151,"column":27},"end":{"line":151,"column":54}},"68":{"start":{"line":152,"column":12},"end":{"line":159,"column":13}},"69":{"start":{"line":153,"column":16},"end":{"line":158,"column":17}},"70":{"start":{"line":154,"column":20},"end":{"line":154,"column":50}},"71":{"start":{"line":155,"column":20},"end":{"line":155,"column":54}},"72":{"start":{"line":157,"column":20},"end":{"line":157,"column":50}},"73":{"start":{"line":164,"column":8},"end":{"line":164,"column":69}},"74":{"start":{"line":164,"column":62},"end":{"line":164,"column":69}},"75":{"start":{"line":166,"column":29},"end":{"line":166,"column":52}},"76":{"start":{"line":167,"column":8},"end":{"line":179,"column":11}},"77":{"start":{"line":168,"column":32},"end":{"line":171,"column":13}},"78":{"start":{"line":169,"column":16},"end":{"line":170,"column":64}},"79":{"start":{"line":172,"column":12},"end":{"line":178,"column":13}},"80":{"start":{"line":173,"column":35},"end":{"line":173,"column":80}},"81":{"start":{"line":173,"column":57},"end":{"line":173,"column":79}},"82":{"start":{"line":174,"column":16},"end":{"line":177,"column":17}},"83":{"start":{"line":175,"column":20},"end":{"line":175,"column":81}},"84":{"start":{"line":176,"column":20},"end":{"line":176,"column":56}},"85":{"start":{"line":183,"column":37},"end":{"line":183,"column":84}},"86":{"start":{"line":184,"column":8},"end":{"line":184,"column":42}},"87":{"start":{"line":184,"column":35},"end":{"line":184,"column":42}},"88":{"start":{"line":186,"column":8},"end":{"line":186,"column":44}},"89":{"start":{"line":187,"column":8},"end":{"line":187,"column":34}},"90":{"start":{"line":189,"column":22},"end":{"line":189,"column":39}},"91":{"start":{"line":190,"column":8},"end":{"line":190,"column":32}},"92":{"start":{"line":190,"column":25},"end":{"line":190,"column":32}},"93":{"start":{"line":192,"column":20},"end":{"line":192,"column":23}},"94":{"start":{"line":193,"column":29},"end":{"line":193,"column":47}},"95":{"start":{"line":194,"column":28},"end":{"line":194,"column":45}},"96":{"start":{"line":196,"column":8},"end":{"line":200,"column":9}},"97":{"start":{"line":197,"column":12},"end":{"line":197,"column":25}},"98":{"start":{"line":198,"column":15},"end":{"line":200,"column":9}},"99":{"start":{"line":199,"column":12},"end":{"line":199,"column":24}},"100":{"start":{"line":202,"column":26},"end":{"line":202,"column":37}},"101":{"start":{"line":203,"column":26},"end":{"line":203,"column":37}},"102":{"start":{"line":204,"column":23},"end":{"line":204,"column":73}},"103":{"start":{"line":205,"column":24},"end":{"line":205,"column":27}},"104":{"start":{"line":206,"column":24},"end":{"line":206,"column":27}},"105":{"start":{"line":207,"column":25},"end":{"line":207,"column":35}},"106":{"start":{"line":208,"column":27},"end":{"line":208,"column":39}},"107":{"start":{"line":210,"column":29},"end":{"line":210,"column":31}},"108":{"start":{"line":211,"column":34},"end":{"line":211,"column":91}},"109":{"start":{"line":211,"column":76},"end":{"line":211,"column":89}},"110":{"start":{"line":213,"column":8},"end":{"line":245,"column":11}},"111":{"start":{"line":214,"column":26},"end":{"line":214,"column":71}},"112":{"start":{"line":215,"column":22},"end":{"line":215,"column":56}},"113":{"start":{"line":216,"column":22},"end":{"line":216,"column":56}},"114":{"start":{"line":218,"column":25},"end":{"line":218,"column":43}},"115":{"start":{"line":219,"column":12},"end":{"line":219,"column":30}},"116":{"start":{"line":219,"column":23},"end":{"line":219,"column":30}},"117":{"start":{"line":221,"column":28},"end":{"line":221,"column":57}},"118":{"start":{"line":222,"column":12},"end":{"line":222,"column":47}},"119":{"start":{"line":223,"column":12},"end":{"line":223,"column":46}},"120":{"start":{"line":224,"column":12},"end":{"line":224,"column":45}},"121":{"start":{"line":226,"column":12},"end":{"line":236,"column":13}},"122":{"start":{"line":227,"column":35},"end":{"line":227,"column":74}},"123":{"start":{"line":227,"column":57},"end":{"line":227,"column":73}},"124":{"start":{"line":228,"column":16},"end":{"line":233,"column":17}},"125":{"start":{"line":229,"column":20},"end":{"line":229,"column":77}},"126":{"start":{"line":230,"column":20},"end":{"line":230,"column":52}},"127":{"start":{"line":232,"column":20},"end":{"line":232,"column":71}},"128":{"start":{"line":235,"column":16},"end":{"line":235,"column":67}},"129":{"start":{"line":238,"column":12},"end":{"line":238,"column":50}},"130":{"start":{"line":239,"column":12},"end":{"line":239,"column":51}},"131":{"start":{"line":240,"column":12},"end":{"line":240,"column":55}},"132":{"start":{"line":241,"column":12},"end":{"line":241,"column":54}},"133":{"start":{"line":243,"column":12},"end":{"line":243,"column":54}},"134":{"start":{"line":244,"column":12},"end":{"line":244,"column":39}},"135":{"start":{"line":247,"column":8},"end":{"line":247,"column":44}},"136":{"start":{"line":249,"column":8},"end":{"line":249,"column":57}},"137":{"start":{"line":250,"column":8},"end":{"line":252,"column":16}},"138":{"start":{"line":251,"column":12},"end":{"line":251,"column":58}}},"fnMap":{"0":{"name":"(anonymous_0)","decl":{"start":{"line":8,"column":4},"end":{"line":8,"column":5}},"loc":{"start":{"line":8,"column":26},"end":{"line":10,"column":5}},"line":8},"1":{"name":"(anonymous_1)","decl":{"start":{"line":12,"column":4},"end":{"line":12,"column":5}},"loc":{"start":{"line":12,"column":18},"end":{"line":14,"column":5}},"line":12},"2":{"name":"(anonymous_2)","decl":{"start":{"line":16,"column":4},"end":{"line":16,"column":5}},"loc":{"start":{"line":16,"column":11},"end":{"line":64,"column":5}},"line":16},"3":{"name":"(anonymous_3)","decl":{"start":{"line":22,"column":66},"end":{"line":22,"column":67}},"loc":{"start":{"line":22,"column":72},"end":{"line":22,"column":85}},"line":22},"4":{"name":"(anonymous_4)","decl":{"start":{"line":25,"column":36},"end":{"line":25,"column":37}},"loc":{"start":{"line":25,"column":42},"end":{"line":29,"column":13}},"line":25},"5":{"name":"(anonymous_5)","decl":{"start":{"line":34,"column":33},"end":{"line":34,"column":34}},"loc":{"start":{"line":34,"column":41},"end":{"line":45,"column":13}},"line":34},"6":{"name":"(anonymous_6)","decl":{"start":{"line":39,"column":51},"end":{"line":39,"column":52}},"loc":{"start":{"line":39,"column":56},"end":{"line":39,"column":71}},"line":39},"7":{"name":"(anonymous_7)","decl":{"start":{"line":66,"column":4},"end":{"line":66,"column":5}},"loc":{"start":{"line":66,"column":11},"end":{"line":75,"column":5}},"line":66},"8":{"name":"(anonymous_8)","decl":{"start":{"line":77,"column":4},"end":{"line":77,"column":5}},"loc":{"start":{"line":77,"column":12},"end":{"line":83,"column":5}},"line":77},"9":{"name":"(anonymous_9)","decl":{"start":{"line":85,"column":4},"end":{"line":85,"column":5}},"loc":{"start":{"line":85,"column":23},"end":{"line":94,"column":5}},"line":85},"10":{"name":"(anonymous_10)","decl":{"start":{"line":96,"column":4},"end":{"line":96,"column":5}},"loc":{"start":{"line":96,"column":21},"end":{"line":108,"column":5}},"line":96},"11":{"name":"(anonymous_11)","decl":{"start":{"line":99,"column":29},"end":{"line":99,"column":30}},"loc":{"start":{"line":99,"column":37},"end":{"line":106,"column":9}},"line":99},"12":{"name":"(anonymous_12)","decl":{"start":{"line":110,"column":4},"end":{"line":110,"column":5}},"loc":{"start":{"line":110,"column":22},"end":{"line":118,"column":5}},"line":110},"13":{"name":"(anonymous_13)","decl":{"start":{"line":120,"column":4},"end":{"line":120,"column":5}},"loc":{"start":{"line":120,"column":19},"end":{"line":122,"column":5}},"line":120},"14":{"name":"(anonymous_14)","decl":{"start":{"line":124,"column":4},"end":{"line":124,"column":5}},"loc":{"start":{"line":124,"column":25},"end":{"line":126,"column":5}},"line":124},"15":{"name":"(anonymous_15)","decl":{"start":{"line":128,"column":4},"end":{"line":128,"column":5}},"loc":{"start":{"line":128,"column":30},"end":{"line":130,"column":5}},"line":128},"16":{"name":"(anonymous_16)","decl":{"start":{"line":132,"column":4},"end":{"line":132,"column":5}},"loc":{"start":{"line":132,"column":19},"end":{"line":134,"column":5}},"line":132},"17":{"name":"(anonymous_17)","decl":{"start":{"line":136,"column":4},"end":{"line":136,"column":5}},"loc":{"start":{"line":136,"column":24},"end":{"line":138,"column":5}},"line":136},"18":{"name":"(anonymous_18)","decl":{"start":{"line":140,"column":4},"end":{"line":140,"column":5}},"loc":{"start":{"line":140,"column":20},"end":{"line":142,"column":5}},"line":140},"19":{"name":"(anonymous_19)","decl":{"start":{"line":144,"column":4},"end":{"line":144,"column":5}},"loc":{"start":{"line":144,"column":24},"end":{"line":146,"column":5}},"line":144},"20":{"name":"(anonymous_20)","decl":{"start":{"line":148,"column":4},"end":{"line":148,"column":5}},"loc":{"start":{"line":148,"column":28},"end":{"line":161,"column":5}},"line":148},"21":{"name":"(anonymous_21)","decl":{"start":{"line":150,"column":24},"end":{"line":150,"column":25}},"loc":{"start":{"line":150,"column":30},"end":{"line":160,"column":9}},"line":150},"22":{"name":"(anonymous_22)","decl":{"start":{"line":163,"column":4},"end":{"line":163,"column":5}},"loc":{"start":{"line":163,"column":40},"end":{"line":180,"column":5}},"line":163},"23":{"name":"(anonymous_23)","decl":{"start":{"line":167,"column":32},"end":{"line":167,"column":33}},"loc":{"start":{"line":167,"column":42},"end":{"line":179,"column":9}},"line":167},"24":{"name":"(anonymous_24)","decl":{"start":{"line":168,"column":50},"end":{"line":168,"column":51}},"loc":{"start":{"line":169,"column":16},"end":{"line":170,"column":64}},"line":169},"25":{"name":"(anonymous_25)","decl":{"start":{"line":173,"column":52},"end":{"line":173,"column":53}},"loc":{"start":{"line":173,"column":57},"end":{"line":173,"column":79}},"line":173},"26":{"name":"(anonymous_26)","decl":{"start":{"line":182,"column":4},"end":{"line":182,"column":5}},"loc":{"start":{"line":182,"column":63},"end":{"line":253,"column":5}},"line":182},"27":{"name":"(anonymous_27)","decl":{"start":{"line":211,"column":70},"end":{"line":211,"column":71}},"loc":{"start":{"line":211,"column":76},"end":{"line":211,"column":89}},"line":211},"28":{"name":"(anonymous_28)","decl":{"start":{"line":213,"column":27},"end":{"line":213,"column":28}},"loc":{"start":{"line":213,"column":44},"end":{"line":245,"column":9}},"line":213},"29":{"name":"(anonymous_29)","decl":{"start":{"line":227,"column":52},"end":{"line":227,"column":53}},"loc":{"start":{"line":227,"column":57},"end":{"line":227,"column":73}},"line":227},"30":{"name":"(anonymous_30)","decl":{"start":{"line":250,"column":19},"end":{"line":250,"column":20}},"loc":{"start":{"line":250,"column":25},"end":{"line":252,"column":9}},"line":250}},"branchMap":{"0":{"loc":{"start":{"line":17,"column":8},"end":{"line":17,"column":32}},"type":"if","locations":[{"start":{"line":17,"column":8},"end":{"line":17,"column":32}},{"start":{},"end":{}}],"line":17},"1":{"loc":{"start":{"line":26,"column":16},"end":{"line":28,"column":17}},"type":"if","locations":[{"start":{"line":26,"column":16},"end":{"line":28,"column":17}},{"start":{},"end":{}}],"line":26},"2":{"loc":{"start":{"line":36,"column":16},"end":{"line":44,"column":17}},"type":"if","locations":[{"start":{"line":36,"column":16},"end":{"line":44,"column":17}},{"start":{},"end":{}}],"line":36},"3":{"loc":{"start":{"line":36,"column":20},"end":{"line":36,"column":63}},"type":"binary-expr","locations":[{"start":{"line":36,"column":20},"end":{"line":36,"column":30}},{"start":{"line":36,"column":34},"end":{"line":36,"column":63}}],"line":36},"4":{"loc":{"start":{"line":38,"column":20},"end":{"line":43,"column":21}},"type":"if","locations":[{"start":{"line":38,"column":20},"end":{"line":43,"column":21}},{"start":{},"end":{}}],"line":38},"5":{"loc":{"start":{"line":40,"column":24},"end":{"line":42,"column":25}},"type":"if","locations":[{"start":{"line":40,"column":24},"end":{"line":42,"column":25}},{"start":{},"end":{}}],"line":40},"6":{"loc":{"start":{"line":69,"column":12},"end":{"line":69,"column":36}},"type":"if","locations":[{"start":{"line":69,"column":12},"end":{"line":69,"column":36}},{"start":{},"end":{}}],"line":69},"7":{"loc":{"start":{"line":89,"column":12},"end":{"line":91,"column":13}},"type":"if","locations":[{"start":{"line":89,"column":12},"end":{"line":91,"column":13}},{"start":{},"end":{}}],"line":89},"8":{"loc":{"start":{"line":89,"column":16},"end":{"line":89,"column":97}},"type":"binary-expr","locations":[{"start":{"line":89,"column":16},"end":{"line":89,"column":22}},{"start":{"line":89,"column":26},"end":{"line":89,"column":57}},{"start":{"line":89,"column":61},"end":{"line":89,"column":97}}],"line":89},"9":{"loc":{"start":{"line":100,"column":12},"end":{"line":105,"column":13}},"type":"if","locations":[{"start":{"line":100,"column":12},"end":{"line":105,"column":13}},{"start":{},"end":{}}],"line":100},"10":{"loc":{"start":{"line":111,"column":29},"end":{"line":111,"column":57}},"type":"binary-expr","locations":[{"start":{"line":111,"column":29},"end":{"line":111,"column":49}},{"start":{"line":111,"column":53},"end":{"line":111,"column":57}}],"line":111},"11":{"loc":{"start":{"line":112,"column":8},"end":{"line":112,"column":39}},"type":"if","locations":[{"start":{"line":112,"column":8},"end":{"line":112,"column":39}},{"start":{},"end":{}}],"line":112},"12":{"loc":{"start":{"line":114,"column":8},"end":{"line":116,"column":9}},"type":"if","locations":[{"start":{"line":114,"column":8},"end":{"line":116,"column":9}},{"start":{},"end":{}}],"line":114},"13":{"loc":{"start":{"line":114,"column":12},"end":{"line":114,"column":66}},"type":"binary-expr","locations":[{"start":{"line":114,"column":12},"end":{"line":114,"column":37}},{"start":{"line":114,"column":41},"end":{"line":114,"column":66}}],"line":114},"14":{"loc":{"start":{"line":121,"column":15},"end":{"line":121,"column":70}},"type":"cond-expr","locations":[{"start":{"line":121,"column":47},"end":{"line":121,"column":62}},{"start":{"line":121,"column":65},"end":{"line":121,"column":70}}],"line":121},"15":{"loc":{"start":{"line":141,"column":15},"end":{"line":141,"column":41}},"type":"binary-expr","locations":[{"start":{"line":141,"column":15},"end":{"line":141,"column":33}},{"start":{"line":141,"column":37},"end":{"line":141,"column":41}}],"line":141},"16":{"loc":{"start":{"line":152,"column":12},"end":{"line":159,"column":13}},"type":"if","locations":[{"start":{"line":152,"column":12},"end":{"line":159,"column":13}},{"start":{},"end":{}}],"line":152},"17":{"loc":{"start":{"line":153,"column":16},"end":{"line":158,"column":17}},"type":"if","locations":[{"start":{"line":153,"column":16},"end":{"line":158,"column":17}},{"start":{"line":156,"column":23},"end":{"line":158,"column":17}}],"line":153},"18":{"loc":{"start":{"line":164,"column":8},"end":{"line":164,"column":69}},"type":"if","locations":[{"start":{"line":164,"column":8},"end":{"line":164,"column":69}},{"start":{},"end":{}}],"line":164},"19":{"loc":{"start":{"line":164,"column":12},"end":{"line":164,"column":60}},"type":"binary-expr","locations":[{"start":{"line":164,"column":12},"end":{"line":164,"column":28}},{"start":{"line":164,"column":32},"end":{"line":164,"column":60}}],"line":164},"20":{"loc":{"start":{"line":169,"column":16},"end":{"line":170,"column":64}},"type":"binary-expr","locations":[{"start":{"line":169,"column":16},"end":{"line":169,"column":58}},{"start":{"line":170,"column":16},"end":{"line":170,"column":64}}],"line":169},"21":{"loc":{"start":{"line":172,"column":12},"end":{"line":178,"column":13}},"type":"if","locations":[{"start":{"line":172,"column":12},"end":{"line":178,"column":13}},{"start":{},"end":{}}],"line":172},"22":{"loc":{"start":{"line":174,"column":16},"end":{"line":177,"column":17}},"type":"if","locations":[{"start":{"line":174,"column":16},"end":{"line":177,"column":17}},{"start":{},"end":{}}],"line":174},"23":{"loc":{"start":{"line":184,"column":8},"end":{"line":184,"column":42}},"type":"if","locations":[{"start":{"line":184,"column":8},"end":{"line":184,"column":42}},{"start":{},"end":{}}],"line":184},"24":{"loc":{"start":{"line":190,"column":8},"end":{"line":190,"column":32}},"type":"if","locations":[{"start":{"line":190,"column":8},"end":{"line":190,"column":32}},{"start":{},"end":{}}],"line":190},"25":{"loc":{"start":{"line":196,"column":8},"end":{"line":200,"column":9}},"type":"if","locations":[{"start":{"line":196,"column":8},"end":{"line":200,"column":9}},{"start":{"line":198,"column":15},"end":{"line":200,"column":9}}],"line":196},"26":{"loc":{"start":{"line":196,"column":12},"end":{"line":196,"column":52}},"type":"binary-expr","locations":[{"start":{"line":196,"column":12},"end":{"line":196,"column":31}},{"start":{"line":196,"column":35},"end":{"line":196,"column":52}}],"line":196},"27":{"loc":{"start":{"line":198,"column":15},"end":{"line":200,"column":9}},"type":"if","locations":[{"start":{"line":198,"column":15},"end":{"line":200,"column":9}},{"start":{},"end":{}}],"line":198},"28":{"loc":{"start":{"line":211,"column":43},"end":{"line":211,"column":64}},"type":"binary-expr","locations":[{"start":{"line":211,"column":43},"end":{"line":211,"column":58}},{"start":{"line":211,"column":62},"end":{"line":211,"column":64}}],"line":211},"29":{"loc":{"start":{"line":219,"column":12},"end":{"line":219,"column":30}},"type":"if","locations":[{"start":{"line":219,"column":12},"end":{"line":219,"column":30}},{"start":{},"end":{}}],"line":219},"30":{"loc":{"start":{"line":226,"column":12},"end":{"line":236,"column":13}},"type":"if","locations":[{"start":{"line":226,"column":12},"end":{"line":236,"column":13}},{"start":{"line":234,"column":19},"end":{"line":236,"column":13}}],"line":226},"31":{"loc":{"start":{"line":228,"column":16},"end":{"line":233,"column":17}},"type":"if","locations":[{"start":{"line":228,"column":16},"end":{"line":233,"column":17}},{"start":{"line":231,"column":23},"end":{"line":233,"column":17}}],"line":228}},"s":{"0":1,"1":1,"2":1,"3":9,"4":3,"5":6,"6":1,"7":5,"8":5,"9":5,"10":5,"11":1,"12":5,"13":5,"14":1,"15":1,"16":5,"17":5,"18":5,"19":4,"20":4,"21":4,"22":4,"23":2,"24":2,"25":2,"26":2,"27":5,"28":5,"29":1,"30":3,"31":3,"32":3,"33":1,"34":2,"35":1,"36":1,"37":2,"38":2,"39":1,"40":7,"41":7,"42":27,"43":27,"44":1,"45":6,"46":6,"47":6,"48":6,"49":6,"50":2,"51":6,"52":9,"53":9,"54":6,"55":3,"56":2,"57":1,"58":7,"59":7,"60":2,"61":7,"62":2,"63":7,"64":2,"65":1,"66":1,"67":4,"68":4,"69":4,"70":1,"71":1,"72":3,"73":3,"74":1,"75":2,"76":2,"77":2,"78":1,"79":2,"80":1,"81":1,"82":1,"83":1,"84":1,"85":6,"86":6,"87":0,"88":6,"89":6,"90":6,"91":6,"92":1,"93":5,"94":5,"95":5,"96":5,"97":1,"98":4,"99":1,"100":5,"101":5,"102":5,"103":5,"104":5,"105":5,"106":5,"107":5,"108":5,"109":1,"110":5,"111":6,"112":6,"113":6,"114":6,"115":6,"116":1,"117":5,"118":5,"119":5,"120":5,"121":5,"122":1,"123":1,"124":1,"125":1,"126":1,"127":0,"128":4,"129":5,"130":5,"131":5,"132":5,"133":5,"134":5,"135":5,"136":5,"137":5,"138":0},"f":{"0":9,"1":3,"2":6,"3":1,"4":1,"5":4,"6":2,"7":3,"8":2,"9":7,"10":6,"11":6,"12":9,"13":7,"14":7,"15":2,"16":7,"17":2,"18":7,"19":2,"20":1,"21":4,"22":3,"23":2,"24":1,"25":1,"26":6,"27":1,"28":6,"29":1,"30":0},"b":{"0":[1,5],"1":[1,0],"2":[4,0],"3":[4,4],"4":[2,2],"5":[2,0],"6":[1,2],"7":[1,26],"8":[27,3,1],"9":[2,4],"10":[9,6],"11":[6,3],"12":[2,1],"13":[3,2],"14":[7,0],"15":[7,6],"16":[4,0],"17":[1,3],"18":[1,2],"19":[3,3],"20":[1,1],"21":[1,1],"22":[1,0],"23":[0,6],"24":[1,5],"25":[1,4],"26":[5,1],"27":[1,3],"28":[5,0],"29":[1,5],"30":[1,4],"31":[1,0]},"inputSourceMap":null,"_coverageSchema":"1a1c01bbd47fc00a2c39e90264f33305004495a9","hash":"6a9fd1598dba351f9543b42ea5651b37c756b254"}
,"C:\\Users\\Alvaro\\Desktop\\dev\\fury-of-thor\\src\\core\\runes.js": {"path":"C:\\Users\\Alvaro\\Desktop\\dev\\fury-of-thor\\src\\core\\runes.js","statementMap":{"0":{"start":{"line":1,"column":21},"end":{"line":18,"column":1}},"1":{"start":{"line":20,"column":27},"end":{"line":37,"column":1}}},"fnMap":{},"branchMap":{},"s":{"0":4,"1":4},"f":{},"b":{},"inputSourceMap":null,"_coverageSchema":"1a1c01bbd47fc00a2c39e90264f33305004495a9","hash":"c74df3efc554e4dcea714f005ade7a44ea17bc67"}
,"C:\\Users\\Alvaro\\Desktop\\dev\\fury-of-thor\\src\\core\\sound-manager.js": {"path":"C:\\Users\\Alvaro\\Desktop\\dev\\fury-of-thor\\src\\core\\sound-manager.js","statementMap":{"0":{"start":{"line":3,"column":4},"end":{"line":3,"column":25}},"1":{"start":{"line":4,"column":4},"end":{"line":4,"column":21}},"2":{"start":{"line":5,"column":4},"end":{"line":5,"column":27}},"3":{"start":{"line":6,"column":4},"end":{"line":6,"column":25}},"4":{"start":{"line":7,"column":4},"end":{"line":7,"column":28}},"5":{"start":{"line":8,"column":4},"end":{"line":8,"column":32}},"6":{"start":{"line":12,"column":4},"end":{"line":14,"column":7}},"7":{"start":{"line":13,"column":6},"end":{"line":13,"column":25}},"8":{"start":{"line":18,"column":18},"end":{"line":18,"column":32}},"9":{"start":{"line":19,"column":4},"end":{"line":19,"column":22}},"10":{"start":{"line":20,"column":4},"end":{"line":20,"column":26}},"11":{"start":{"line":21,"column":4},"end":{"line":21,"column":30}},"12":{"start":{"line":22,"column":4},"end":{"line":22,"column":33}},"13":{"start":{"line":23,"column":4},"end":{"line":23,"column":17}},"14":{"start":{"line":27,"column":4},"end":{"line":43,"column":5}},"15":{"start":{"line":28,"column":6},"end":{"line":30,"column":7}},"16":{"start":{"line":29,"column":8},"end":{"line":29,"column":37}},"17":{"start":{"line":32,"column":6},"end":{"line":36,"column":7}},"18":{"start":{"line":33,"column":8},"end":{"line":35,"column":11}},"19":{"start":{"line":34,"column":10},"end":{"line":34,"column":65}},"20":{"start":{"line":38,"column":24},"end":{"line":38,"column":61}},"21":{"start":{"line":39,"column":6},"end":{"line":42,"column":7}},"22":{"start":{"line":40,"column":8},"end":{"line":40,"column":36}},"23":{"start":{"line":41,"column":8},"end":{"line":41,"column":25}},"24":{"start":{"line":47,"column":4},"end":{"line":49,"column":5}},"25":{"start":{"line":48,"column":6},"end":{"line":48,"column":32}},"26":{"start":{"line":53,"column":4},"end":{"line":66,"column":5}},"27":{"start":{"line":54,"column":6},"end":{"line":54,"column":32}},"28":{"start":{"line":55,"column":6},"end":{"line":55,"column":40}},"29":{"start":{"line":57,"column":20},"end":{"line":57,"column":51}},"30":{"start":{"line":58,"column":6},"end":{"line":60,"column":7}},"31":{"start":{"line":59,"column":8},"end":{"line":59,"column":43}},"32":{"start":{"line":61,"column":24},"end":{"line":61,"column":61}},"33":{"start":{"line":62,"column":6},"end":{"line":65,"column":7}},"34":{"start":{"line":63,"column":8},"end":{"line":63,"column":36}},"35":{"start":{"line":64,"column":8},"end":{"line":64,"column":25}},"36":{"start":{"line":70,"column":4},"end":{"line":70,"column":52}},"37":{"start":{"line":70,"column":32},"end":{"line":70,"column":52}},"38":{"start":{"line":72,"column":4},"end":{"line":72,"column":25}},"39":{"start":{"line":73,"column":4},"end":{"line":73,"column":28}},"40":{"start":{"line":75,"column":4},"end":{"line":95,"column":5}},"41":{"start":{"line":76,"column":6},"end":{"line":85,"column":7}},"42":{"start":{"line":76,"column":19},"end":{"line":76,"column":20}},"43":{"start":{"line":77,"column":26},"end":{"line":77,"column":46}},"44":{"start":{"line":78,"column":26},"end":{"line":78,"column":68}},"45":{"start":{"line":80,"column":8},"end":{"line":84,"column":9}},"46":{"start":{"line":81,"column":10},"end":{"line":81,"column":32}},"47":{"start":{"line":83,"column":10},"end":{"line":83,"column":31}},"48":{"start":{"line":87,"column":6},"end":{"line":94,"column":7}},"49":{"start":{"line":87,"column":19},"end":{"line":87,"column":20}},"50":{"start":{"line":88,"column":26},"end":{"line":88,"column":46}},"51":{"start":{"line":89,"column":26},"end":{"line":89,"column":68}},"52":{"start":{"line":91,"column":8},"end":{"line":93,"column":9}},"53":{"start":{"line":92,"column":10},"end":{"line":92,"column":31}},"54":{"start":{"line":97,"column":4},"end":{"line":97,"column":21}},"55":{"start":{"line":98,"column":4},"end":{"line":98,"column":24}},"56":{"start":{"line":102,"column":4},"end":{"line":102,"column":33}},"57":{"start":{"line":103,"column":4},"end":{"line":103,"column":24}},"58":{"start":{"line":107,"column":28},"end":{"line":107,"column":46}}},"fnMap":{"0":{"name":"(anonymous_0)","decl":{"start":{"line":2,"column":2},"end":{"line":2,"column":3}},"loc":{"start":{"line":2,"column":16},"end":{"line":9,"column":3}},"line":2},"1":{"name":"(anonymous_1)","decl":{"start":{"line":11,"column":2},"end":{"line":11,"column":3}},"loc":{"start":{"line":11,"column":14},"end":{"line":15,"column":3}},"line":11},"2":{"name":"(anonymous_2)","decl":{"start":{"line":12,"column":36},"end":{"line":12,"column":37}},"loc":{"start":{"line":12,"column":57},"end":{"line":14,"column":5}},"line":12},"3":{"name":"(anonymous_3)","decl":{"start":{"line":17,"column":2},"end":{"line":17,"column":3}},"loc":{"start":{"line":17,"column":74},"end":{"line":24,"column":3}},"line":17},"4":{"name":"(anonymous_4)","decl":{"start":{"line":26,"column":2},"end":{"line":26,"column":3}},"loc":{"start":{"line":26,"column":13},"end":{"line":44,"column":3}},"line":26},"5":{"name":"(anonymous_5)","decl":{"start":{"line":33,"column":39},"end":{"line":33,"column":40}},"loc":{"start":{"line":33,"column":48},"end":{"line":35,"column":9}},"line":33},"6":{"name":"(anonymous_6)","decl":{"start":{"line":46,"column":2},"end":{"line":46,"column":3}},"loc":{"start":{"line":46,"column":14},"end":{"line":50,"column":3}},"line":46},"7":{"name":"(anonymous_7)","decl":{"start":{"line":52,"column":2},"end":{"line":52,"column":3}},"loc":{"start":{"line":52,"column":13},"end":{"line":67,"column":3}},"line":52},"8":{"name":"(anonymous_8)","decl":{"start":{"line":69,"column":2},"end":{"line":69,"column":3}},"loc":{"start":{"line":69,"column":18},"end":{"line":99,"column":3}},"line":69},"9":{"name":"(anonymous_9)","decl":{"start":{"line":101,"column":2},"end":{"line":101,"column":3}},"loc":{"start":{"line":101,"column":15},"end":{"line":104,"column":3}},"line":101}},"branchMap":{"0":{"loc":{"start":{"line":17,"column":27},"end":{"line":17,"column":39}},"type":"default-arg","locations":[{"start":{"line":17,"column":34},"end":{"line":17,"column":39}}],"line":17},"1":{"loc":{"start":{"line":17,"column":41},"end":{"line":17,"column":60}},"type":"default-arg","locations":[{"start":{"line":17,"column":48},"end":{"line":17,"column":60}}],"line":17},"2":{"loc":{"start":{"line":17,"column":62},"end":{"line":17,"column":72}},"type":"default-arg","locations":[{"start":{"line":17,"column":71},"end":{"line":17,"column":72}}],"line":17},"3":{"loc":{"start":{"line":27,"column":4},"end":{"line":43,"column":5}},"type":"if","locations":[{"start":{"line":27,"column":4},"end":{"line":43,"column":5}},{"start":{},"end":{}}],"line":27},"4":{"loc":{"start":{"line":28,"column":6},"end":{"line":30,"column":7}},"type":"if","locations":[{"start":{"line":28,"column":6},"end":{"line":30,"column":7}},{"start":{},"end":{}}],"line":28},"5":{"loc":{"start":{"line":32,"column":6},"end":{"line":36,"column":7}},"type":"if","locations":[{"start":{"line":32,"column":6},"end":{"line":36,"column":7}},{"start":{},"end":{}}],"line":32},"6":{"loc":{"start":{"line":38,"column":24},"end":{"line":38,"column":61}},"type":"binary-expr","locations":[{"start":{"line":38,"column":24},"end":{"line":38,"column":45}},{"start":{"line":38,"column":49},"end":{"line":38,"column":61}}],"line":38},"7":{"loc":{"start":{"line":39,"column":6},"end":{"line":42,"column":7}},"type":"if","locations":[{"start":{"line":39,"column":6},"end":{"line":42,"column":7}},{"start":{},"end":{}}],"line":39},"8":{"loc":{"start":{"line":47,"column":4},"end":{"line":49,"column":5}},"type":"if","locations":[{"start":{"line":47,"column":4},"end":{"line":49,"column":5}},{"start":{},"end":{}}],"line":47},"9":{"loc":{"start":{"line":53,"column":4},"end":{"line":66,"column":5}},"type":"if","locations":[{"start":{"line":53,"column":4},"end":{"line":66,"column":5}},{"start":{},"end":{}}],"line":53},"10":{"loc":{"start":{"line":58,"column":6},"end":{"line":60,"column":7}},"type":"if","locations":[{"start":{"line":58,"column":6},"end":{"line":60,"column":7}},{"start":{},"end":{}}],"line":58},"11":{"loc":{"start":{"line":61,"column":24},"end":{"line":61,"column":61}},"type":"binary-expr","locations":[{"start":{"line":61,"column":24},"end":{"line":61,"column":45}},{"start":{"line":61,"column":49},"end":{"line":61,"column":61}}],"line":61},"12":{"loc":{"start":{"line":62,"column":6},"end":{"line":65,"column":7}},"type":"if","locations":[{"start":{"line":62,"column":6},"end":{"line":65,"column":7}},{"start":{},"end":{}}],"line":62},"13":{"loc":{"start":{"line":62,"column":10},"end":{"line":62,"column":69}},"type":"binary-expr","locations":[{"start":{"line":62,"column":10},"end":{"line":62,"column":36}},{"start":{"line":62,"column":40},"end":{"line":62,"column":69}}],"line":62},"14":{"loc":{"start":{"line":70,"column":4},"end":{"line":70,"column":52}},"type":"if","locations":[{"start":{"line":70,"column":4},"end":{"line":70,"column":52}},{"start":{},"end":{}}],"line":70},"15":{"loc":{"start":{"line":75,"column":4},"end":{"line":95,"column":5}},"type":"if","locations":[{"start":{"line":75,"column":4},"end":{"line":95,"column":5}},{"start":{"line":86,"column":11},"end":{"line":95,"column":5}}],"line":75},"16":{"loc":{"start":{"line":78,"column":26},"end":{"line":78,"column":68}},"type":"binary-expr","locations":[{"start":{"line":78,"column":26},"end":{"line":78,"column":52}},{"start":{"line":78,"column":56},"end":{"line":78,"column":68}}],"line":78},"17":{"loc":{"start":{"line":80,"column":8},"end":{"line":84,"column":9}},"type":"if","locations":[{"start":{"line":80,"column":8},"end":{"line":84,"column":9}},{"start":{"line":82,"column":15},"end":{"line":84,"column":9}}],"line":80},"18":{"loc":{"start":{"line":89,"column":26},"end":{"line":89,"column":68}},"type":"binary-expr","locations":[{"start":{"line":89,"column":26},"end":{"line":89,"column":52}},{"start":{"line":89,"column":56},"end":{"line":89,"column":68}}],"line":89},"19":{"loc":{"start":{"line":91,"column":8},"end":{"line":93,"column":9}},"type":"if","locations":[{"start":{"line":91,"column":8},"end":{"line":93,"column":9}},{"start":{},"end":{}}],"line":91}},"s":{"0":2,"1":2,"2":2,"3":2,"4":2,"5":2,"6":0,"7":0,"8":5,"9":5,"10":5,"11":5,"12":5,"13":5,"14":13,"15":12,"16":8,"17":12,"18":11,"19":1,"20":12,"21":12,"22":11,"23":11,"24":8,"25":7,"26":12,"27":11,"28":11,"29":11,"30":11,"31":11,"32":11,"33":11,"34":4,"35":4,"36":10,"37":1,"38":9,"39":9,"40":9,"41":6,"42":6,"43":12,"44":12,"45":12,"46":6,"47":6,"48":3,"49":3,"50":5,"51":5,"52":5,"53":3,"54":9,"55":9,"56":2,"57":2,"58":2},"f":{"0":2,"1":0,"2":0,"3":5,"4":13,"5":1,"6":8,"7":12,"8":10,"9":2},"b":{"0":[2],"1":[3],"2":[4],"3":[12,1],"4":[8,4],"5":[11,1],"6":[12,0],"7":[11,1],"8":[7,1],"9":[11,1],"10":[11,0],"11":[11,0],"12":[4,7],"13":[11,5],"14":[1,9],"15":[6,3],"16":[12,0],"17":[6,6],"18":[5,0],"19":[3,2]},"inputSourceMap":null,"_coverageSchema":"1a1c01bbd47fc00a2c39e90264f33305004495a9","hash":"512818dfff1b5e5a9b75a248e8736b40b2113d7a"}
,"C:\\Users\\Alvaro\\Desktop\\dev\\fury-of-thor\\src\\core\\state.js": {"path":"C:\\Users\\Alvaro\\Desktop\\dev\\fury-of-thor\\src\\core\\state.js","statementMap":{"0":{"start":{"line":5,"column":14},"end":{"line":5,"column":16}},"1":{"start":{"line":6,"column":21},"end":{"line":6,"column":31}},"2":{"start":{"line":7,"column":19},"end":{"line":7,"column":21}},"3":{"start":{"line":8,"column":19},"end":{"line":8,"column":21}},"4":{"start":{"line":11,"column":4},"end":{"line":13,"column":5}},"5":{"start":{"line":12,"column":8},"end":{"line":12,"column":27}},"6":{"start":{"line":16,"column":21},"end":{"line":89,"column":1}},"7":{"start":{"line":18,"column":8},"end":{"line":18,"column":23}},"8":{"start":{"line":22,"column":8},"end":{"line":22,"column":29}},"9":{"start":{"line":23,"column":8},"end":{"line":23,"column":20}},"10":{"start":{"line":27,"column":8},"end":{"line":27,"column":27}},"11":{"start":{"line":28,"column":8},"end":{"line":28,"column":20}},"12":{"start":{"line":32,"column":8},"end":{"line":32,"column":33}},"13":{"start":{"line":33,"column":8},"end":{"line":33,"column":20}},"14":{"start":{"line":37,"column":8},"end":{"line":37,"column":22}},"15":{"start":{"line":38,"column":8},"end":{"line":38,"column":20}},"16":{"start":{"line":42,"column":8},"end":{"line":42,"column":21}},"17":{"start":{"line":43,"column":8},"end":{"line":43,"column":20}},"18":{"start":{"line":47,"column":8},"end":{"line":47,"column":30}},"19":{"start":{"line":51,"column":8},"end":{"line":51,"column":36}},"20":{"start":{"line":55,"column":8},"end":{"line":55,"column":50}},"21":{"start":{"line":59,"column":8},"end":{"line":59,"column":28}},"22":{"start":{"line":63,"column":8},"end":{"line":63,"column":32}},"23":{"start":{"line":64,"column":8},"end":{"line":64,"column":20}},"24":{"start":{"line":68,"column":8},"end":{"line":68,"column":26}},"25":{"start":{"line":69,"column":8},"end":{"line":69,"column":20}},"26":{"start":{"line":73,"column":8},"end":{"line":73,"column":28}},"27":{"start":{"line":77,"column":8},"end":{"line":77,"column":31}},"28":{"start":{"line":78,"column":8},"end":{"line":78,"column":20}},"29":{"start":{"line":82,"column":8},"end":{"line":82,"column":40}},"30":{"start":{"line":86,"column":8},"end":{"line":86,"column":26}},"31":{"start":{"line":87,"column":8},"end":{"line":87,"column":20}}},"fnMap":{"0":{"name":"saveState","decl":{"start":{"line":10,"column":9},"end":{"line":10,"column":18}},"loc":{"start":{"line":10,"column":21},"end":{"line":14,"column":1}},"line":10},"1":{"name":"(anonymous_1)","decl":{"start":{"line":17,"column":4},"end":{"line":17,"column":5}},"loc":{"start":{"line":17,"column":17},"end":{"line":19,"column":5}},"line":17},"2":{"name":"(anonymous_2)","decl":{"start":{"line":21,"column":4},"end":{"line":21,"column":5}},"loc":{"start":{"line":21,"column":27},"end":{"line":24,"column":5}},"line":21},"3":{"name":"(anonymous_3)","decl":{"start":{"line":26,"column":4},"end":{"line":26,"column":5}},"loc":{"start":{"line":26,"column":20},"end":{"line":29,"column":5}},"line":26},"4":{"name":"(anonymous_4)","decl":{"start":{"line":31,"column":4},"end":{"line":31,"column":5}},"loc":{"start":{"line":31,"column":24},"end":{"line":34,"column":5}},"line":31},"5":{"name":"(anonymous_5)","decl":{"start":{"line":36,"column":4},"end":{"line":36,"column":5}},"loc":{"start":{"line":36,"column":16},"end":{"line":39,"column":5}},"line":36},"6":{"name":"(anonymous_6)","decl":{"start":{"line":41,"column":4},"end":{"line":41,"column":5}},"loc":{"start":{"line":41,"column":19},"end":{"line":44,"column":5}},"line":41},"7":{"name":"(anonymous_7)","decl":{"start":{"line":46,"column":4},"end":{"line":46,"column":5}},"loc":{"start":{"line":46,"column":24},"end":{"line":48,"column":5}},"line":46},"8":{"name":"(anonymous_8)","decl":{"start":{"line":50,"column":4},"end":{"line":50,"column":5}},"loc":{"start":{"line":50,"column":26},"end":{"line":52,"column":5}},"line":50},"9":{"name":"(anonymous_9)","decl":{"start":{"line":54,"column":4},"end":{"line":54,"column":5}},"loc":{"start":{"line":54,"column":22},"end":{"line":56,"column":5}},"line":54},"10":{"name":"(anonymous_10)","decl":{"start":{"line":58,"column":4},"end":{"line":58,"column":5}},"loc":{"start":{"line":58,"column":22},"end":{"line":60,"column":5}},"line":58},"11":{"name":"(anonymous_11)","decl":{"start":{"line":62,"column":4},"end":{"line":62,"column":5}},"loc":{"start":{"line":62,"column":30},"end":{"line":65,"column":5}},"line":62},"12":{"name":"(anonymous_12)","decl":{"start":{"line":67,"column":4},"end":{"line":67,"column":5}},"loc":{"start":{"line":67,"column":24},"end":{"line":70,"column":5}},"line":67},"13":{"name":"(anonymous_13)","decl":{"start":{"line":72,"column":4},"end":{"line":72,"column":5}},"loc":{"start":{"line":72,"column":22},"end":{"line":74,"column":5}},"line":72},"14":{"name":"(anonymous_14)","decl":{"start":{"line":76,"column":4},"end":{"line":76,"column":5}},"loc":{"start":{"line":76,"column":29},"end":{"line":79,"column":5}},"line":76},"15":{"name":"(anonymous_15)","decl":{"start":{"line":81,"column":4},"end":{"line":81,"column":5}},"loc":{"start":{"line":81,"column":30},"end":{"line":83,"column":5}},"line":81},"16":{"name":"(anonymous_16)","decl":{"start":{"line":85,"column":4},"end":{"line":85,"column":5}},"loc":{"start":{"line":85,"column":24},"end":{"line":88,"column":5}},"line":85}},"branchMap":{"0":{"loc":{"start":{"line":11,"column":4},"end":{"line":13,"column":5}},"type":"if","locations":[{"start":{"line":11,"column":4},"end":{"line":13,"column":5}},{"start":{},"end":{}}],"line":11}},"s":{"0":1,"1":1,"2":1,"3":1,"4":97,"5":96,"6":1,"7":9,"8":33,"9":33,"10":2,"11":2,"12":2,"13":2,"14":2,"15":2,"16":1,"17":1,"18":8,"19":28,"20":3,"21":3,"22":2,"23":2,"24":25,"25":25,"26":4,"27":5,"28":5,"29":2,"30":25,"31":25},"f":{"0":97,"1":9,"2":33,"3":2,"4":2,"5":2,"6":1,"7":8,"8":28,"9":3,"10":3,"11":2,"12":25,"13":4,"14":5,"15":2,"16":25},"b":{"0":[96,1]},"inputSourceMap":null,"_coverageSchema":"1a1c01bbd47fc00a2c39e90264f33305004495a9","hash":"138249dce8c1d25f5a9432c8bd156e2fbc9336ab"}
,"C:\\Users\\Alvaro\\Desktop\\dev\\fury-of-thor\\src\\ui\\alert-popup.js": {"path":"C:\\Users\\Alvaro\\Desktop\\dev\\fury-of-thor\\src\\ui\\alert-popup.js","statementMap":{"0":{"start":{"line":3,"column":8},"end":{"line":3,"column":26}},"1":{"start":{"line":4,"column":8},"end":{"line":4,"column":30}},"2":{"start":{"line":5,"column":8},"end":{"line":5,"column":30}},"3":{"start":{"line":6,"column":8},"end":{"line":6,"column":30}},"4":{"start":{"line":7,"column":8},"end":{"line":7,"column":35}},"5":{"start":{"line":12,"column":8},"end":{"line":12,"column":31}},"6":{"start":{"line":12,"column":24},"end":{"line":12,"column":31}},"7":{"start":{"line":14,"column":8},"end":{"line":14,"column":60}},"8":{"start":{"line":15,"column":8},"end":{"line":15,"column":66}},"9":{"start":{"line":16,"column":8},"end":{"line":16,"column":69}},"10":{"start":{"line":17,"column":8},"end":{"line":17,"column":69}},"11":{"start":{"line":19,"column":8},"end":{"line":22,"column":9}},"12":{"start":{"line":20,"column":12},"end":{"line":20,"column":67}},"13":{"start":{"line":21,"column":12},"end":{"line":21,"column":19}},"14":{"start":{"line":24,"column":8},"end":{"line":30,"column":11}},"15":{"start":{"line":25,"column":12},"end":{"line":25,"column":24}},"16":{"start":{"line":26,"column":12},"end":{"line":29,"column":13}},"17":{"start":{"line":27,"column":16},"end":{"line":27,"column":42}},"18":{"start":{"line":28,"column":16},"end":{"line":28,"column":43}},"19":{"start":{"line":32,"column":8},"end":{"line":40,"column":9}},"20":{"start":{"line":33,"column":12},"end":{"line":39,"column":15}},"21":{"start":{"line":34,"column":16},"end":{"line":34,"column":28}},"22":{"start":{"line":35,"column":16},"end":{"line":38,"column":17}},"23":{"start":{"line":36,"column":20},"end":{"line":36,"column":47}},"24":{"start":{"line":37,"column":20},"end":{"line":37,"column":47}},"25":{"start":{"line":44,"column":8},"end":{"line":44,"column":20}},"26":{"start":{"line":46,"column":8},"end":{"line":48,"column":9}},"27":{"start":{"line":47,"column":12},"end":{"line":47,"column":37}},"28":{"start":{"line":50,"column":8},"end":{"line":54,"column":9}},"29":{"start":{"line":51,"column":12},"end":{"line":51,"column":47}},"30":{"start":{"line":53,"column":12},"end":{"line":53,"column":49}},"31":{"start":{"line":56,"column":8},"end":{"line":56,"column":48}},"32":{"start":{"line":58,"column":8},"end":{"line":61,"column":9}},"33":{"start":{"line":59,"column":12},"end":{"line":59,"column":52}},"34":{"start":{"line":60,"column":12},"end":{"line":60,"column":67}},"35":{"start":{"line":63,"column":8},"end":{"line":63,"column":61}},"36":{"start":{"line":63,"column":24},"end":{"line":63,"column":61}},"37":{"start":{"line":65,"column":8},"end":{"line":65,"column":46}},"38":{"start":{"line":67,"column":8},"end":{"line":69,"column":11}},"39":{"start":{"line":68,"column":12},"end":{"line":68,"column":42}},"40":{"start":{"line":73,"column":8},"end":{"line":76,"column":9}},"41":{"start":{"line":74,"column":12},"end":{"line":74,"column":47}},"42":{"start":{"line":75,"column":12},"end":{"line":75,"column":56}},"43":{"start":{"line":80,"column":8},"end":{"line":80,"column":41}},"44":{"start":{"line":84,"column":8},"end":{"line":84,"column":40}},"45":{"start":{"line":88,"column":26},"end":{"line":88,"column":42}}},"fnMap":{"0":{"name":"(anonymous_0)","decl":{"start":{"line":2,"column":4},"end":{"line":2,"column":5}},"loc":{"start":{"line":2,"column":18},"end":{"line":8,"column":5}},"line":2},"1":{"name":"(anonymous_1)","decl":{"start":{"line":10,"column":4},"end":{"line":10,"column":5}},"loc":{"start":{"line":10,"column":11},"end":{"line":41,"column":5}},"line":10},"2":{"name":"(anonymous_2)","decl":{"start":{"line":24,"column":49},"end":{"line":24,"column":50}},"loc":{"start":{"line":24,"column":55},"end":{"line":30,"column":9}},"line":24},"3":{"name":"(anonymous_3)","decl":{"start":{"line":33,"column":53},"end":{"line":33,"column":54}},"loc":{"start":{"line":33,"column":59},"end":{"line":39,"column":13}},"line":33},"4":{"name":"(anonymous_4)","decl":{"start":{"line":43,"column":4},"end":{"line":43,"column":5}},"loc":{"start":{"line":43,"column":113},"end":{"line":70,"column":5}},"line":43},"5":{"name":"(anonymous_5)","decl":{"start":{"line":67,"column":27},"end":{"line":67,"column":28}},"loc":{"start":{"line":67,"column":40},"end":{"line":69,"column":9}},"line":67},"6":{"name":"(anonymous_6)","decl":{"start":{"line":72,"column":4},"end":{"line":72,"column":5}},"loc":{"start":{"line":72,"column":11},"end":{"line":77,"column":5}},"line":72},"7":{"name":"(anonymous_7)","decl":{"start":{"line":79,"column":4},"end":{"line":79,"column":5}},"loc":{"start":{"line":79,"column":19},"end":{"line":81,"column":5}},"line":79},"8":{"name":"(anonymous_8)","decl":{"start":{"line":83,"column":4},"end":{"line":83,"column":5}},"loc":{"start":{"line":83,"column":21},"end":{"line":85,"column":5}},"line":83}},"branchMap":{"0":{"loc":{"start":{"line":12,"column":8},"end":{"line":12,"column":31}},"type":"if","locations":[{"start":{"line":12,"column":8},"end":{"line":12,"column":31}},{"start":{},"end":{}}],"line":12},"1":{"loc":{"start":{"line":19,"column":8},"end":{"line":22,"column":9}},"type":"if","locations":[{"start":{"line":19,"column":8},"end":{"line":22,"column":9}},{"start":{},"end":{}}],"line":19},"2":{"loc":{"start":{"line":19,"column":12},"end":{"line":19,"column":61}},"type":"binary-expr","locations":[{"start":{"line":19,"column":12},"end":{"line":19,"column":23}},{"start":{"line":19,"column":27},"end":{"line":19,"column":42}},{"start":{"line":19,"column":46},"end":{"line":19,"column":61}}],"line":19},"3":{"loc":{"start":{"line":26,"column":12},"end":{"line":29,"column":13}},"type":"if","locations":[{"start":{"line":26,"column":12},"end":{"line":29,"column":13}},{"start":{},"end":{}}],"line":26},"4":{"loc":{"start":{"line":32,"column":8},"end":{"line":40,"column":9}},"type":"if","locations":[{"start":{"line":32,"column":8},"end":{"line":40,"column":9}},{"start":{},"end":{}}],"line":32},"5":{"loc":{"start":{"line":35,"column":16},"end":{"line":38,"column":17}},"type":"if","locations":[{"start":{"line":35,"column":16},"end":{"line":38,"column":17}},{"start":{},"end":{}}],"line":35},"6":{"loc":{"start":{"line":43,"column":18},"end":{"line":43,"column":36}},"type":"default-arg","locations":[{"start":{"line":43,"column":31},"end":{"line":43,"column":36}}],"line":43},"7":{"loc":{"start":{"line":43,"column":38},"end":{"line":43,"column":55}},"type":"default-arg","locations":[{"start":{"line":43,"column":51},"end":{"line":43,"column":55}}],"line":43},"8":{"loc":{"start":{"line":43,"column":57},"end":{"line":43,"column":78}},"type":"default-arg","locations":[{"start":{"line":43,"column":70},"end":{"line":43,"column":78}}],"line":43},"9":{"loc":{"start":{"line":43,"column":80},"end":{"line":43,"column":94}},"type":"default-arg","locations":[{"start":{"line":43,"column":89},"end":{"line":43,"column":94}}],"line":43},"10":{"loc":{"start":{"line":43,"column":96},"end":{"line":43,"column":111}},"type":"default-arg","locations":[{"start":{"line":43,"column":109},"end":{"line":43,"column":111}}],"line":43},"11":{"loc":{"start":{"line":46,"column":8},"end":{"line":48,"column":9}},"type":"if","locations":[{"start":{"line":46,"column":8},"end":{"line":48,"column":9}},{"start":{},"end":{}}],"line":46},"12":{"loc":{"start":{"line":46,"column":12},"end":{"line":46,"column":42}},"type":"binary-expr","locations":[{"start":{"line":46,"column":12},"end":{"line":46,"column":23}},{"start":{"line":46,"column":27},"end":{"line":46,"column":42}}],"line":46},"13":{"loc":{"start":{"line":50,"column":8},"end":{"line":54,"column":9}},"type":"if","locations":[{"start":{"line":50,"column":8},"end":{"line":54,"column":9}},{"start":{"line":52,"column":15},"end":{"line":54,"column":9}}],"line":50},"14":{"loc":{"start":{"line":58,"column":8},"end":{"line":61,"column":9}},"type":"if","locations":[{"start":{"line":58,"column":8},"end":{"line":61,"column":9}},{"start":{},"end":{}}],"line":58},"15":{"loc":{"start":{"line":63,"column":8},"end":{"line":63,"column":61}},"type":"if","locations":[{"start":{"line":63,"column":8},"end":{"line":63,"column":61}},{"start":{},"end":{}}],"line":63},"16":{"loc":{"start":{"line":73,"column":8},"end":{"line":76,"column":9}},"type":"if","locations":[{"start":{"line":73,"column":8},"end":{"line":76,"column":9}},{"start":{},"end":{}}],"line":73}},"s":{"0":12,"1":12,"2":12,"3":12,"4":12,"5":10,"6":0,"7":10,"8":10,"9":10,"10":10,"11":10,"12":2,"13":2,"14":8,"15":1,"16":1,"17":1,"18":1,"19":8,"20":8,"21":2,"22":2,"23":2,"24":2,"25":8,"26":8,"27":1,"28":7,"29":1,"30":6,"31":7,"32":7,"33":7,"34":7,"35":7,"36":1,"37":7,"38":7,"39":7,"40":4,"41":4,"42":4,"43":1,"44":1,"45":12},"f":{"0":12,"1":10,"2":1,"3":2,"4":8,"5":7,"6":4,"7":1,"8":1},"b":{"0":[0,10],"1":[2,8],"2":[10,8,8],"3":[1,0],"4":[8,0],"5":[2,0],"6":[1],"7":[5],"8":[5],"9":[5],"10":[7],"11":[1,7],"12":[8,7],"13":[1,6],"14":[7,0],"15":[1,6],"16":[4,0]},"inputSourceMap":null,"_coverageSchema":"1a1c01bbd47fc00a2c39e90264f33305004495a9","hash":"3ac1b92577d24efa1980d05579ca066397a8aecf"}
,"C:\\Users\\Alvaro\\Desktop\\dev\\fury-of-thor\\src\\ui\\runes-circle.js": {"path":"C:\\Users\\Alvaro\\Desktop\\dev\\fury-of-thor\\src\\ui\\runes-circle.js","statementMap":{"0":{"start":{"line":8,"column":33},"end":{"line":8,"column":80}},"1":{"start":{"line":9,"column":4},"end":{"line":9,"column":38}},"2":{"start":{"line":9,"column":31},"end":{"line":9,"column":38}},"3":{"start":{"line":11,"column":4},"end":{"line":11,"column":40}},"4":{"start":{"line":12,"column":4},"end":{"line":12,"column":30}},"5":{"start":{"line":13,"column":4},"end":{"line":13,"column":30}},"6":{"start":{"line":15,"column":20},"end":{"line":15,"column":38}},"7":{"start":{"line":16,"column":18},"end":{"line":16,"column":32}},"8":{"start":{"line":17,"column":4},"end":{"line":17,"column":28}},"9":{"start":{"line":17,"column":21},"end":{"line":17,"column":28}},"10":{"start":{"line":19,"column":16},"end":{"line":19,"column":19}},"11":{"start":{"line":20,"column":25},"end":{"line":20,"column":43}},"12":{"start":{"line":21,"column":24},"end":{"line":21,"column":41}},"13":{"start":{"line":23,"column":4},"end":{"line":27,"column":5}},"14":{"start":{"line":24,"column":8},"end":{"line":24,"column":21}},"15":{"start":{"line":25,"column":11},"end":{"line":27,"column":5}},"16":{"start":{"line":26,"column":8},"end":{"line":26,"column":20}},"17":{"start":{"line":29,"column":22},"end":{"line":29,"column":33}},"18":{"start":{"line":30,"column":22},"end":{"line":30,"column":33}},"19":{"start":{"line":31,"column":19},"end":{"line":31,"column":69}},"20":{"start":{"line":32,"column":20},"end":{"line":32,"column":23}},"21":{"start":{"line":33,"column":20},"end":{"line":33,"column":23}},"22":{"start":{"line":34,"column":21},"end":{"line":34,"column":31}},"23":{"start":{"line":35,"column":23},"end":{"line":35,"column":35}},"24":{"start":{"line":37,"column":25},"end":{"line":37,"column":27}},"25":{"start":{"line":38,"column":25},"end":{"line":38,"column":27}},"26":{"start":{"line":40,"column":4},"end":{"line":60,"column":7}},"27":{"start":{"line":41,"column":22},"end":{"line":41,"column":67}},"28":{"start":{"line":42,"column":18},"end":{"line":42,"column":52}},"29":{"start":{"line":43,"column":18},"end":{"line":43,"column":52}},"30":{"start":{"line":45,"column":21},"end":{"line":45,"column":48}},"31":{"start":{"line":46,"column":8},"end":{"line":46,"column":34}},"32":{"start":{"line":48,"column":24},"end":{"line":48,"column":53}},"33":{"start":{"line":49,"column":8},"end":{"line":49,"column":43}},"34":{"start":{"line":50,"column":8},"end":{"line":50,"column":59}},"35":{"start":{"line":51,"column":8},"end":{"line":51,"column":46}},"36":{"start":{"line":52,"column":8},"end":{"line":52,"column":47}},"37":{"start":{"line":53,"column":8},"end":{"line":53,"column":51}},"38":{"start":{"line":54,"column":8},"end":{"line":54,"column":50}},"39":{"start":{"line":55,"column":8},"end":{"line":55,"column":42}},"40":{"start":{"line":56,"column":8},"end":{"line":56,"column":41}},"41":{"start":{"line":58,"column":8},"end":{"line":58,"column":50}},"42":{"start":{"line":59,"column":8},"end":{"line":59,"column":35}},"43":{"start":{"line":62,"column":4},"end":{"line":62,"column":40}},"44":{"start":{"line":63,"column":4},"end":{"line":63,"column":40}},"45":{"start":{"line":65,"column":4},"end":{"line":65,"column":53}},"46":{"start":{"line":66,"column":4},"end":{"line":69,"column":12}},"47":{"start":{"line":67,"column":8},"end":{"line":67,"column":54}},"48":{"start":{"line":68,"column":8},"end":{"line":68,"column":27}},"49":{"start":{"line":73,"column":25},"end":{"line":73,"column":48}},"50":{"start":{"line":74,"column":4},"end":{"line":74,"column":42}},"51":{"start":{"line":74,"column":35},"end":{"line":74,"column":42}},"52":{"start":{"line":76,"column":4},"end":{"line":78,"column":7}},"53":{"start":{"line":77,"column":8},"end":{"line":77,"column":47}},"54":{"start":{"line":80,"column":25},"end":{"line":80,"column":68}},"55":{"start":{"line":81,"column":4},"end":{"line":84,"column":5}},"56":{"start":{"line":82,"column":8},"end":{"line":82,"column":38}},"57":{"start":{"line":83,"column":8},"end":{"line":83,"column":49}},"58":{"start":{"line":86,"column":23},"end":{"line":86,"column":82}},"59":{"start":{"line":86,"column":49},"end":{"line":86,"column":81}},"60":{"start":{"line":87,"column":4},"end":{"line":87,"column":40}},"61":{"start":{"line":87,"column":33},"end":{"line":87,"column":40}},"62":{"start":{"line":89,"column":21},"end":{"line":89,"column":66}},"63":{"start":{"line":90,"column":23},"end":{"line":90,"column":43}},"64":{"start":{"line":91,"column":23},"end":{"line":91,"column":52}},"65":{"start":{"line":93,"column":26},"end":{"line":93,"column":58}},"66":{"start":{"line":95,"column":4},"end":{"line":107,"column":12}},"67":{"start":{"line":96,"column":8},"end":{"line":98,"column":11}},"68":{"start":{"line":97,"column":12},"end":{"line":97,"column":63}},"69":{"start":{"line":97,"column":37},"end":{"line":97,"column":63}},"70":{"start":{"line":99,"column":8},"end":{"line":99,"column":43}},"71":{"start":{"line":101,"column":8},"end":{"line":106,"column":17}},"72":{"start":{"line":102,"column":12},"end":{"line":105,"column":13}},"73":{"start":{"line":103,"column":16},"end":{"line":103,"column":54}},"74":{"start":{"line":104,"column":16},"end":{"line":104,"column":54}},"75":{"start":{"line":111,"column":19},"end":{"line":111,"column":62}},"76":{"start":{"line":112,"column":4},"end":{"line":112,"column":29}},"77":{"start":{"line":112,"column":17},"end":{"line":112,"column":29}},"78":{"start":{"line":113,"column":19},"end":{"line":113,"column":54}},"79":{"start":{"line":114,"column":4},"end":{"line":114,"column":35}},"80":{"start":{"line":114,"column":23},"end":{"line":114,"column":35}},"81":{"start":{"line":115,"column":19},"end":{"line":115,"column":57}},"82":{"start":{"line":115,"column":41},"end":{"line":115,"column":56}},"83":{"start":{"line":116,"column":4},"end":{"line":116,"column":29}},"84":{"start":{"line":116,"column":17},"end":{"line":116,"column":29}},"85":{"start":{"line":117,"column":4},"end":{"line":117,"column":56}},"86":{"start":{"line":118,"column":4},"end":{"line":118,"column":35}},"87":{"start":{"line":120,"column":4},"end":{"line":120,"column":23}},"88":{"start":{"line":122,"column":4},"end":{"line":122,"column":37}},"89":{"start":{"line":126,"column":25},"end":{"line":126,"column":48}},"90":{"start":{"line":127,"column":4},"end":{"line":127,"column":42}},"91":{"start":{"line":127,"column":35},"end":{"line":127,"column":42}},"92":{"start":{"line":129,"column":4},"end":{"line":131,"column":7}},"93":{"start":{"line":130,"column":8},"end":{"line":130,"column":47}},"94":{"start":{"line":133,"column":25},"end":{"line":133,"column":68}},"95":{"start":{"line":134,"column":4},"end":{"line":137,"column":5}},"96":{"start":{"line":135,"column":8},"end":{"line":135,"column":38}},"97":{"start":{"line":136,"column":8},"end":{"line":136,"column":49}}},"fnMap":{"0":{"name":"renderRunesCircle","decl":{"start":{"line":7,"column":16},"end":{"line":7,"column":33}},"loc":{"start":{"line":7,"column":36},"end":{"line":70,"column":1}},"line":7},"1":{"name":"(anonymous_1)","decl":{"start":{"line":40,"column":20},"end":{"line":40,"column":21}},"loc":{"start":{"line":40,"column":37},"end":{"line":60,"column":5}},"line":40},"2":{"name":"(anonymous_2)","decl":{"start":{"line":66,"column":15},"end":{"line":66,"column":16}},"loc":{"start":{"line":66,"column":21},"end":{"line":69,"column":5}},"line":66},"3":{"name":"selectRandomViking","decl":{"start":{"line":72,"column":16},"end":{"line":72,"column":34}},"loc":{"start":{"line":72,"column":37},"end":{"line":108,"column":1}},"line":72},"4":{"name":"(anonymous_4)","decl":{"start":{"line":76,"column":25},"end":{"line":76,"column":26}},"loc":{"start":{"line":76,"column":30},"end":{"line":78,"column":5}},"line":76},"5":{"name":"(anonymous_5)","decl":{"start":{"line":86,"column":43},"end":{"line":86,"column":44}},"loc":{"start":{"line":86,"column":49},"end":{"line":86,"column":81}},"line":86},"6":{"name":"(anonymous_6)","decl":{"start":{"line":95,"column":15},"end":{"line":95,"column":16}},"loc":{"start":{"line":95,"column":21},"end":{"line":107,"column":5}},"line":95},"7":{"name":"(anonymous_7)","decl":{"start":{"line":96,"column":29},"end":{"line":96,"column":30}},"loc":{"start":{"line":96,"column":39},"end":{"line":98,"column":9}},"line":96},"8":{"name":"(anonymous_8)","decl":{"start":{"line":101,"column":19},"end":{"line":101,"column":20}},"loc":{"start":{"line":101,"column":25},"end":{"line":106,"column":9}},"line":101},"9":{"name":"breakChosenRune","decl":{"start":{"line":110,"column":16},"end":{"line":110,"column":31}},"loc":{"start":{"line":110,"column":34},"end":{"line":123,"column":1}},"line":110},"10":{"name":"(anonymous_10)","decl":{"start":{"line":115,"column":36},"end":{"line":115,"column":37}},"loc":{"start":{"line":115,"column":41},"end":{"line":115,"column":56}},"line":115},"11":{"name":"resetChosenRune","decl":{"start":{"line":125,"column":16},"end":{"line":125,"column":31}},"loc":{"start":{"line":125,"column":34},"end":{"line":138,"column":1}},"line":125},"12":{"name":"(anonymous_12)","decl":{"start":{"line":129,"column":25},"end":{"line":129,"column":26}},"loc":{"start":{"line":129,"column":30},"end":{"line":131,"column":5}},"line":129}},"branchMap":{"0":{"loc":{"start":{"line":9,"column":4},"end":{"line":9,"column":38}},"type":"if","locations":[{"start":{"line":9,"column":4},"end":{"line":9,"column":38}},{"start":{},"end":{}}],"line":9},"1":{"loc":{"start":{"line":17,"column":4},"end":{"line":17,"column":28}},"type":"if","locations":[{"start":{"line":17,"column":4},"end":{"line":17,"column":28}},{"start":{},"end":{}}],"line":17},"2":{"loc":{"start":{"line":23,"column":4},"end":{"line":27,"column":5}},"type":"if","locations":[{"start":{"line":23,"column":4},"end":{"line":27,"column":5}},{"start":{"line":25,"column":11},"end":{"line":27,"column":5}}],"line":23},"3":{"loc":{"start":{"line":23,"column":8},"end":{"line":23,"column":48}},"type":"binary-expr","locations":[{"start":{"line":23,"column":8},"end":{"line":23,"column":27}},{"start":{"line":23,"column":31},"end":{"line":23,"column":48}}],"line":23},"4":{"loc":{"start":{"line":25,"column":11},"end":{"line":27,"column":5}},"type":"if","locations":[{"start":{"line":25,"column":11},"end":{"line":27,"column":5}},{"start":{},"end":{}}],"line":25},"5":{"loc":{"start":{"line":74,"column":4},"end":{"line":74,"column":42}},"type":"if","locations":[{"start":{"line":74,"column":4},"end":{"line":74,"column":42}},{"start":{},"end":{}}],"line":74},"6":{"loc":{"start":{"line":81,"column":4},"end":{"line":84,"column":5}},"type":"if","locations":[{"start":{"line":81,"column":4},"end":{"line":84,"column":5}},{"start":{},"end":{}}],"line":81},"7":{"loc":{"start":{"line":87,"column":4},"end":{"line":87,"column":40}},"type":"if","locations":[{"start":{"line":87,"column":4},"end":{"line":87,"column":40}},{"start":{},"end":{}}],"line":87},"8":{"loc":{"start":{"line":97,"column":12},"end":{"line":97,"column":63}},"type":"if","locations":[{"start":{"line":97,"column":12},"end":{"line":97,"column":63}},{"start":{},"end":{}}],"line":97},"9":{"loc":{"start":{"line":102,"column":12},"end":{"line":105,"column":13}},"type":"if","locations":[{"start":{"line":102,"column":12},"end":{"line":105,"column":13}},{"start":{},"end":{}}],"line":102},"10":{"loc":{"start":{"line":112,"column":4},"end":{"line":112,"column":29}},"type":"if","locations":[{"start":{"line":112,"column":4},"end":{"line":112,"column":29}},{"start":{},"end":{}}],"line":112},"11":{"loc":{"start":{"line":114,"column":4},"end":{"line":114,"column":35}},"type":"if","locations":[{"start":{"line":114,"column":4},"end":{"line":114,"column":35}},{"start":{},"end":{}}],"line":114},"12":{"loc":{"start":{"line":116,"column":4},"end":{"line":116,"column":29}},"type":"if","locations":[{"start":{"line":116,"column":4},"end":{"line":116,"column":29}},{"start":{},"end":{}}],"line":116},"13":{"loc":{"start":{"line":127,"column":4},"end":{"line":127,"column":42}},"type":"if","locations":[{"start":{"line":127,"column":4},"end":{"line":127,"column":42}},{"start":{},"end":{}}],"line":127},"14":{"loc":{"start":{"line":134,"column":4},"end":{"line":137,"column":5}},"type":"if","locations":[{"start":{"line":134,"column":4},"end":{"line":137,"column":5}},{"start":{},"end":{}}],"line":134}},"s":{"0":7,"1":7,"2":1,"3":6,"4":6,"5":6,"6":6,"7":6,"8":6,"9":1,"10":5,"11":5,"12":5,"13":5,"14":1,"15":4,"16":1,"17":5,"18":5,"19":5,"20":5,"21":5,"22":5,"23":5,"24":5,"25":5,"26":5,"27":6,"28":6,"29":6,"30":6,"31":6,"32":6,"33":6,"34":6,"35":6,"36":6,"37":6,"38":6,"39":6,"40":6,"41":6,"42":6,"43":5,"44":5,"45":5,"46":5,"47":1,"48":1,"49":5,"50":5,"51":1,"52":4,"53":6,"54":4,"55":4,"56":4,"57":4,"58":4,"59":6,"60":4,"61":1,"62":3,"63":3,"64":3,"65":3,"66":3,"67":3,"68":5,"69":2,"70":3,"71":3,"72":1,"73":1,"74":1,"75":4,"76":4,"77":1,"78":3,"79":3,"80":1,"81":2,"82":4,"83":2,"84":1,"85":1,"86":1,"87":1,"88":1,"89":3,"90":3,"91":1,"92":2,"93":3,"94":2,"95":2,"96":2,"97":2},"f":{"0":7,"1":6,"2":1,"3":5,"4":6,"5":6,"6":3,"7":5,"8":1,"9":4,"10":4,"11":3,"12":3},"b":{"0":[1,6],"1":[1,5],"2":[1,4],"3":[5,1],"4":[1,3],"5":[1,4],"6":[4,0],"7":[1,3],"8":[2,3],"9":[1,0],"10":[1,3],"11":[1,2],"12":[1,1],"13":[1,2],"14":[2,0]},"inputSourceMap":null,"_coverageSchema":"1a1c01bbd47fc00a2c39e90264f33305004495a9","hash":"2a9a5166e3a8afef4343159695ca646b930b59cf"}
,"C:\\Users\\Alvaro\\Desktop\\dev\\fury-of-thor\\src\\ui\\typewriter.js": {"path":"C:\\Users\\Alvaro\\Desktop\\dev\\fury-of-thor\\src\\ui\\typewriter.js","statementMap":{"0":{"start":{"line":3,"column":8},"end":{"line":3,"column":31}},"1":{"start":{"line":4,"column":8},"end":{"line":15,"column":10}},"2":{"start":{"line":16,"column":8},"end":{"line":16,"column":53}},"3":{"start":{"line":17,"column":8},"end":{"line":17,"column":49}},"4":{"start":{"line":18,"column":8},"end":{"line":18,"column":49}},"5":{"start":{"line":19,"column":8},"end":{"line":19,"column":49}},"6":{"start":{"line":20,"column":8},"end":{"line":20,"column":66}},"7":{"start":{"line":22,"column":8},"end":{"line":22,"column":38}},"8":{"start":{"line":23,"column":8},"end":{"line":23,"column":38}},"9":{"start":{"line":24,"column":8},"end":{"line":24,"column":30}},"10":{"start":{"line":25,"column":8},"end":{"line":25,"column":30}},"11":{"start":{"line":26,"column":8},"end":{"line":26,"column":63}},"12":{"start":{"line":26,"column":57},"end":{"line":26,"column":61}},"13":{"start":{"line":27,"column":8},"end":{"line":27,"column":40}},"14":{"start":{"line":28,"column":8},"end":{"line":28,"column":45}},"15":{"start":{"line":32,"column":8},"end":{"line":32,"column":52}},"16":{"start":{"line":32,"column":45},"end":{"line":32,"column":52}},"17":{"start":{"line":34,"column":8},"end":{"line":34,"column":29}},"18":{"start":{"line":35,"column":28},"end":{"line":35,"column":58}},"19":{"start":{"line":36,"column":27},"end":{"line":36,"column":79}},"20":{"start":{"line":38,"column":27},"end":{"line":38,"column":62}},"21":{"start":{"line":39,"column":29},"end":{"line":39,"column":46}},"22":{"start":{"line":40,"column":22},"end":{"line":40,"column":68}},"23":{"start":{"line":42,"column":24},"end":{"line":87,"column":9}},"24":{"start":{"line":43,"column":12},"end":{"line":46,"column":13}},"25":{"start":{"line":44,"column":16},"end":{"line":44,"column":38}},"26":{"start":{"line":45,"column":16},"end":{"line":45,"column":23}},"27":{"start":{"line":48,"column":12},"end":{"line":86,"column":13}},"28":{"start":{"line":49,"column":16},"end":{"line":76,"column":17}},"29":{"start":{"line":50,"column":20},"end":{"line":50,"column":90}},"30":{"start":{"line":51,"column":20},"end":{"line":51,"column":35}},"31":{"start":{"line":52,"column":20},"end":{"line":52,"column":72}},"32":{"start":{"line":54,"column":20},"end":{"line":54,"column":37}},"33":{"start":{"line":55,"column":20},"end":{"line":75,"column":47}},"34":{"start":{"line":56,"column":24},"end":{"line":59,"column":25}},"35":{"start":{"line":57,"column":28},"end":{"line":57,"column":50}},"36":{"start":{"line":58,"column":28},"end":{"line":58,"column":35}},"37":{"start":{"line":60,"column":37},"end":{"line":73,"column":25}},"38":{"start":{"line":61,"column":28},"end":{"line":64,"column":29}},"39":{"start":{"line":62,"column":32},"end":{"line":62,"column":54}},"40":{"start":{"line":63,"column":32},"end":{"line":63,"column":39}},"41":{"start":{"line":65,"column":28},"end":{"line":72,"column":29}},"42":{"start":{"line":66,"column":32},"end":{"line":66,"column":101}},"43":{"start":{"line":67,"column":32},"end":{"line":67,"column":47}},"44":{"start":{"line":68,"column":32},"end":{"line":68,"column":81}},"45":{"start":{"line":70,"column":32},"end":{"line":70,"column":54}},"46":{"start":{"line":71,"column":32},"end":{"line":71,"column":61}},"47":{"start":{"line":71,"column":48},"end":{"line":71,"column":61}},"48":{"start":{"line":74,"column":24},"end":{"line":74,"column":31}},"49":{"start":{"line":78,"column":16},"end":{"line":85,"column":17}},"50":{"start":{"line":79,"column":20},"end":{"line":79,"column":89}},"51":{"start":{"line":80,"column":20},"end":{"line":80,"column":35}},"52":{"start":{"line":81,"column":20},"end":{"line":81,"column":72}},"53":{"start":{"line":83,"column":20},"end":{"line":83,"column":42}},"54":{"start":{"line":84,"column":20},"end":{"line":84,"column":49}},"55":{"start":{"line":84,"column":36},"end":{"line":84,"column":49}},"56":{"start":{"line":89,"column":8},"end":{"line":89,"column":18}},"57":{"start":{"line":93,"column":8},"end":{"line":93,"column":75}},"58":{"start":{"line":93,"column":68},"end":{"line":93,"column":75}},"59":{"start":{"line":95,"column":28},"end":{"line":95,"column":58}},"60":{"start":{"line":96,"column":31},"end":{"line":100,"column":10}},"61":{"start":{"line":97,"column":12},"end":{"line":97,"column":48}},"62":{"start":{"line":97,"column":35},"end":{"line":97,"column":48}},"63":{"start":{"line":98,"column":12},"end":{"line":98,"column":82}},"64":{"start":{"line":98,"column":69},"end":{"line":98,"column":82}},"65":{"start":{"line":99,"column":12},"end":{"line":99,"column":24}},"66":{"start":{"line":102,"column":8},"end":{"line":107,"column":9}},"67":{"start":{"line":103,"column":12},"end":{"line":103,"column":82}},"68":{"start":{"line":103,"column":56},"end":{"line":103,"column":80}},"69":{"start":{"line":104,"column":12},"end":{"line":106,"column":13}},"70":{"start":{"line":105,"column":16},"end":{"line":105,"column":48}},"71":{"start":{"line":109,"column":28},"end":{"line":109,"column":79}},"72":{"start":{"line":110,"column":24},"end":{"line":110,"column":53}},"73":{"start":{"line":112,"column":8},"end":{"line":115,"column":9}},"74":{"start":{"line":113,"column":12},"end":{"line":113,"column":49}},"75":{"start":{"line":114,"column":12},"end":{"line":114,"column":42}},"76":{"start":{"line":117,"column":8},"end":{"line":119,"column":11}},"77":{"start":{"line":118,"column":12},"end":{"line":118,"column":38}},"78":{"start":{"line":123,"column":8},"end":{"line":123,"column":58}},"79":{"start":{"line":123,"column":51},"end":{"line":123,"column":58}},"80":{"start":{"line":125,"column":22},"end":{"line":125,"column":85}},"81":{"start":{"line":127,"column":8},"end":{"line":131,"column":18}},"82":{"start":{"line":128,"column":12},"end":{"line":130,"column":13}},"83":{"start":{"line":129,"column":16},"end":{"line":129,"column":42}},"84":{"start":{"line":135,"column":8},"end":{"line":135,"column":34}},"85":{"start":{"line":135,"column":27},"end":{"line":135,"column":34}},"86":{"start":{"line":136,"column":8},"end":{"line":136,"column":29}},"87":{"start":{"line":138,"column":8},"end":{"line":144,"column":9}},"88":{"start":{"line":139,"column":25},"end":{"line":139,"column":58}},"89":{"start":{"line":140,"column":12},"end":{"line":140,"column":43}},"90":{"start":{"line":141,"column":12},"end":{"line":143,"column":15}},"91":{"start":{"line":142,"column":16},"end":{"line":142,"column":42}},"92":{"start":{"line":148,"column":8},"end":{"line":148,"column":30}},"93":{"start":{"line":149,"column":8},"end":{"line":152,"column":9}},"94":{"start":{"line":150,"column":12},"end":{"line":150,"column":49}},"95":{"start":{"line":151,"column":12},"end":{"line":151,"column":42}},"96":{"start":{"line":153,"column":8},"end":{"line":156,"column":9}},"97":{"start":{"line":154,"column":12},"end":{"line":154,"column":49}},"98":{"start":{"line":155,"column":12},"end":{"line":155,"column":42}},"99":{"start":{"line":157,"column":8},"end":{"line":157,"column":30}},"100":{"start":{"line":161,"column":8},"end":{"line":161,"column":20}},"101":{"start":{"line":162,"column":8},"end":{"line":162,"column":40}}},"fnMap":{"0":{"name":"(anonymous_0)","decl":{"start":{"line":2,"column":4},"end":{"line":2,"column":5}},"loc":{"start":{"line":2,"column":55},"end":{"line":29,"column":5}},"line":2},"1":{"name":"(anonymous_1)","decl":{"start":{"line":26,"column":51},"end":{"line":26,"column":52}},"loc":{"start":{"line":26,"column":57},"end":{"line":26,"column":61}},"line":26},"2":{"name":"(anonymous_2)","decl":{"start":{"line":31,"column":4},"end":{"line":31,"column":5}},"loc":{"start":{"line":31,"column":48},"end":{"line":90,"column":5}},"line":31},"3":{"name":"(anonymous_3)","decl":{"start":{"line":42,"column":24},"end":{"line":42,"column":25}},"loc":{"start":{"line":42,"column":30},"end":{"line":87,"column":9}},"line":42},"4":{"name":"(anonymous_4)","decl":{"start":{"line":55,"column":56},"end":{"line":55,"column":57}},"loc":{"start":{"line":55,"column":62},"end":{"line":75,"column":21}},"line":55},"5":{"name":"(anonymous_5)","decl":{"start":{"line":60,"column":37},"end":{"line":60,"column":38}},"loc":{"start":{"line":60,"column":43},"end":{"line":73,"column":25}},"line":60},"6":{"name":"(anonymous_6)","decl":{"start":{"line":92,"column":4},"end":{"line":92,"column":5}},"loc":{"start":{"line":92,"column":25},"end":{"line":120,"column":5}},"line":92},"7":{"name":"(anonymous_7)","decl":{"start":{"line":96,"column":51},"end":{"line":96,"column":52}},"loc":{"start":{"line":96,"column":56},"end":{"line":100,"column":9}},"line":96},"8":{"name":"(anonymous_8)","decl":{"start":{"line":103,"column":51},"end":{"line":103,"column":52}},"loc":{"start":{"line":103,"column":56},"end":{"line":103,"column":80}},"line":103},"9":{"name":"(anonymous_9)","decl":{"start":{"line":117,"column":42},"end":{"line":117,"column":43}},"loc":{"start":{"line":117,"column":48},"end":{"line":119,"column":9}},"line":117},"10":{"name":"(anonymous_10)","decl":{"start":{"line":122,"column":4},"end":{"line":122,"column":5}},"loc":{"start":{"line":122,"column":25},"end":{"line":132,"column":5}},"line":122},"11":{"name":"(anonymous_11)","decl":{"start":{"line":127,"column":44},"end":{"line":127,"column":45}},"loc":{"start":{"line":127,"column":50},"end":{"line":131,"column":9}},"line":127},"12":{"name":"(anonymous_12)","decl":{"start":{"line":134,"column":4},"end":{"line":134,"column":5}},"loc":{"start":{"line":134,"column":30},"end":{"line":145,"column":5}},"line":134},"13":{"name":"(anonymous_13)","decl":{"start":{"line":141,"column":43},"end":{"line":141,"column":44}},"loc":{"start":{"line":141,"column":49},"end":{"line":143,"column":13}},"line":141},"14":{"name":"(anonymous_14)","decl":{"start":{"line":147,"column":4},"end":{"line":147,"column":5}},"loc":{"start":{"line":147,"column":11},"end":{"line":158,"column":5}},"line":147},"15":{"name":"(anonymous_15)","decl":{"start":{"line":160,"column":4},"end":{"line":160,"column":5}},"loc":{"start":{"line":160,"column":12},"end":{"line":163,"column":5}},"line":160}},"branchMap":{"0":{"loc":{"start":{"line":2,"column":25},"end":{"line":2,"column":39}},"type":"default-arg","locations":[{"start":{"line":2,"column":35},"end":{"line":2,"column":39}}],"line":2},"1":{"loc":{"start":{"line":2,"column":41},"end":{"line":2,"column":53}},"type":"default-arg","locations":[{"start":{"line":2,"column":51},"end":{"line":2,"column":53}}],"line":2},"2":{"loc":{"start":{"line":4,"column":23},"end":{"line":15,"column":9}},"type":"binary-expr","locations":[{"start":{"line":4,"column":23},"end":{"line":4,"column":30}},{"start":{"line":4,"column":34},"end":{"line":15,"column":9}}],"line":4},"3":{"loc":{"start":{"line":16,"column":27},"end":{"line":16,"column":52}},"type":"binary-expr","locations":[{"start":{"line":16,"column":27},"end":{"line":16,"column":46}},{"start":{"line":16,"column":50},"end":{"line":16,"column":52}}],"line":16},"4":{"loc":{"start":{"line":17,"column":25},"end":{"line":17,"column":48}},"type":"binary-expr","locations":[{"start":{"line":17,"column":25},"end":{"line":17,"column":42}},{"start":{"line":17,"column":46},"end":{"line":17,"column":48}}],"line":17},"5":{"loc":{"start":{"line":18,"column":24},"end":{"line":18,"column":48}},"type":"binary-expr","locations":[{"start":{"line":18,"column":24},"end":{"line":18,"column":40}},{"start":{"line":18,"column":44},"end":{"line":18,"column":48}}],"line":18},"6":{"loc":{"start":{"line":19,"column":24},"end":{"line":19,"column":48}},"type":"binary-expr","locations":[{"start":{"line":19,"column":24},"end":{"line":19,"column":40}},{"start":{"line":19,"column":44},"end":{"line":19,"column":48}}],"line":19},"7":{"loc":{"start":{"line":20,"column":33},"end":{"line":20,"column":65}},"type":"binary-expr","locations":[{"start":{"line":20,"column":33},"end":{"line":20,"column":58}},{"start":{"line":20,"column":62},"end":{"line":20,"column":65}}],"line":20},"8":{"loc":{"start":{"line":26,"column":27},"end":{"line":26,"column":62}},"type":"binary-expr","locations":[{"start":{"line":26,"column":27},"end":{"line":26,"column":46}},{"start":{"line":26,"column":51},"end":{"line":26,"column":61}}],"line":26},"9":{"loc":{"start":{"line":32,"column":8},"end":{"line":32,"column":52}},"type":"if","locations":[{"start":{"line":32,"column":8},"end":{"line":32,"column":52}},{"start":{},"end":{}}],"line":32},"10":{"loc":{"start":{"line":32,"column":12},"end":{"line":32,"column":43}},"type":"binary-expr","locations":[{"start":{"line":32,"column":12},"end":{"line":32,"column":25}},{"start":{"line":32,"column":29},"end":{"line":32,"column":43}}],"line":32},"11":{"loc":{"start":{"line":35,"column":28},"end":{"line":35,"column":58}},"type":"binary-expr","locations":[{"start":{"line":35,"column":28},"end":{"line":35,"column":52}},{"start":{"line":35,"column":56},"end":{"line":35,"column":58}}],"line":35},"12":{"loc":{"start":{"line":36,"column":27},"end":{"line":36,"column":79}},"type":"binary-expr","locations":[{"start":{"line":36,"column":27},"end":{"line":36,"column":49}},{"start":{"line":36,"column":53},"end":{"line":36,"column":79}}],"line":36},"13":{"loc":{"start":{"line":38,"column":27},"end":{"line":38,"column":62}},"type":"cond-expr","locations":[{"start":{"line":38,"column":40},"end":{"line":38,"column":58}},{"start":{"line":38,"column":61},"end":{"line":38,"column":62}}],"line":38},"14":{"loc":{"start":{"line":40,"column":22},"end":{"line":40,"column":68}},"type":"cond-expr","locations":[{"start":{"line":40,"column":35},"end":{"line":40,"column":51}},{"start":{"line":40,"column":54},"end":{"line":40,"column":68}}],"line":40},"15":{"loc":{"start":{"line":43,"column":12},"end":{"line":46,"column":13}},"type":"if","locations":[{"start":{"line":43,"column":12},"end":{"line":46,"column":13}},{"start":{},"end":{}}],"line":43},"16":{"loc":{"start":{"line":43,"column":16},"end":{"line":43,"column":70}},"type":"binary-expr","locations":[{"start":{"line":43,"column":16},"end":{"line":43,"column":30}},{"start":{"line":43,"column":34},"end":{"line":43,"column":47}},{"start":{"line":43,"column":51},"end":{"line":43,"column":70}}],"line":43},"17":{"loc":{"start":{"line":48,"column":12},"end":{"line":86,"column":13}},"type":"if","locations":[{"start":{"line":48,"column":12},"end":{"line":86,"column":13}},{"start":{"line":77,"column":19},"end":{"line":86,"column":13}}],"line":48},"18":{"loc":{"start":{"line":49,"column":16},"end":{"line":76,"column":17}},"type":"if","locations":[{"start":{"line":49,"column":16},"end":{"line":76,"column":17}},{"start":{"line":53,"column":23},"end":{"line":76,"column":17}}],"line":49},"19":{"loc":{"start":{"line":56,"column":24},"end":{"line":59,"column":25}},"type":"if","locations":[{"start":{"line":56,"column":24},"end":{"line":59,"column":25}},{"start":{},"end":{}}],"line":56},"20":{"loc":{"start":{"line":56,"column":28},"end":{"line":56,"column":82}},"type":"binary-expr","locations":[{"start":{"line":56,"column":28},"end":{"line":56,"column":42}},{"start":{"line":56,"column":46},"end":{"line":56,"column":59}},{"start":{"line":56,"column":63},"end":{"line":56,"column":82}}],"line":56},"21":{"loc":{"start":{"line":61,"column":28},"end":{"line":64,"column":29}},"type":"if","locations":[{
[...]
ns":[{"start":{"line":149,"column":12},"end":{"line":149,"column":81}},{"start":{},"end":{}}],"line":149},"19":{"loc":{"start":{"line":151,"column":12},"end":{"line":158,"column":13}},"type":"if","locations":[{"start":{"line":151,"column":12},"end":{"line":158,"column":13}},{"start":{},"end":{}}],"line":151},"20":{"loc":{"start":{"line":151,"column":16},"end":{"line":151,"column":42}},"type":"binary-expr","locations":[{"start":{"line":151,"column":16},"end":{"line":151,"column":28}},{"start":{"line":151,"column":32},"end":{"line":151,"column":42}}],"line":151},"21":{"loc":{"start":{"line":165,"column":8},"end":{"line":165,"column":55}},"type":"if","locations":[{"start":{"line":165,"column":8},"end":{"line":165,"column":55}},{"start":{},"end":{}}],"line":165},"22":{"loc":{"start":{"line":165,"column":12},"end":{"line":165,"column":46}},"type":"binary-expr","locations":[{"start":{"line":165,"column":12},"end":{"line":165,"column":33}},{"start":{"line":165,"column":37},"end":{"line":165,"column":46}}],"line":165},"23":{"loc":{"start":{"line":168,"column":8},"end":{"line":171,"column":9}},"type":"if","locations":[{"start":{"line":168,"column":8},"end":{"line":171,"column":9}},{"start":{},"end":{}}],"line":168},"24":{"loc":{"start":{"line":175,"column":8},"end":{"line":177,"column":9}},"type":"if","locations":[{"start":{"line":175,"column":8},"end":{"line":177,"column":9}},{"start":{},"end":{}}],"line":175},"25":{"loc":{"start":{"line":183,"column":12},"end":{"line":196,"column":13}},"type":"if","locations":[{"start":{"line":183,"column":12},"end":{"line":196,"column":13}},{"start":{},"end":{}}],"line":183},"26":{"loc":{"start":{"line":185,"column":16},"end":{"line":188,"column":17}},"type":"if","locations":[{"start":{"line":185,"column":16},"end":{"line":188,"column":17}},{"start":{},"end":{}}],"line":185},"27":{"loc":{"start":{"line":192,"column":20},"end":{"line":194,"column":21}},"type":"if","locations":[{"start":{"line":192,"column":20},"end":{"line":194,"column":21}},{"start":{},"end":{}}],"line":192},"28":{"loc":{"start":{"line":201,"column":12},"end":{"line":207,"column":13}},"type":"if","locations":[{"start":{"line":201,"column":12},"end":{"line":207,"column":13}},{"start":{},"end":{}}],"line":201},"29":{"loc":{"start":{"line":204,"column":16},"end":{"line":206,"column":17}},"type":"if","locations":[{"start":{"line":204,"column":16},"end":{"line":206,"column":17}},{"start":{},"end":{}}],"line":204},"30":{"loc":{"start":{"line":210,"column":16},"end":{"line":212,"column":17}},"type":"if","locations":[{"start":{"line":210,"column":16},"end":{"line":212,"column":17}},{"start":{},"end":{}}],"line":210},"31":{"loc":{"start":{"line":217,"column":16},"end":{"line":235,"column":17}},"type":"if","locations":[{"start":{"line":217,"column":16},"end":{"line":235,"column":17}},{"start":{"line":229,"column":23},"end":{"line":235,"column":17}}],"line":217},"32":{"loc":{"start":{"line":231,"column":20},"end":{"line":234,"column":21}},"type":"if","locations":[{"start":{"line":231,"column":20},"end":{"line":234,"column":21}},{"start":{},"end":{}}],"line":231},"33":{"loc":{"start":{"line":243,"column":12},"end":{"line":243,"column":84}},"type":"binary-expr","locations":[{"start":{"line":243,"column":12},"end":{"line":243,"column":48}},{"start":{"line":243,"column":52},"end":{"line":243,"column":84}}],"line":243},"34":{"loc":{"start":{"line":246,"column":8},"end":{"line":257,"column":9}},"type":"if","locations":[{"start":{"line":246,"column":8},"end":{"line":257,"column":9}},{"start":{},"end":{}}],"line":246},"35":{"loc":{"start":{"line":253,"column":12},"end":{"line":256,"column":13}},"type":"if","locations":[{"start":{"line":253,"column":12},"end":{"line":256,"column":13}},{"start":{},"end":{}}],"line":253},"36":{"loc":{"start":{"line":278,"column":24},"end":{"line":278,"column":86}},"type":"cond-expr","locations":[{"start":{"line":278,"column":35},"end":{"line":278,"column":62}},{"start":{"line":278,"column":65},"end":{"line":278,"column":86}}],"line":278},"37":{"loc":{"start":{"line":279,"column":4},"end":{"line":281,"column":5}},"type":"if","locations":[{"start":{"line":279,"column":4},"end":{"line":281,"column":5}},{"start":{},"end":{}}],"line":279}},"s":{"0":2,"1":2,"2":10,"3":10,"4":10,"5":10,"6":10,"7":10,"8":10,"9":10,"10":10,"11":10,"12":6,"13":6,"14":10,"15":3,"16":69,"17":2,"18":2,"19":1,"20":1,"21":1,"22":1,"23":1,"24":1,"25":1,"26":1,"27":1,"28":1,"29":1,"30":1,"31":1,"32":1,"33":1,"34":1,"35":1,"36":1,"37":1,"38":1,"39":1,"40":1,"41":4,"42":4,"43":4,"44":4,"45":4,"46":4,"47":4,"48":4,"49":4,"50":4,"51":4,"52":67,"53":4,"54":1,"55":0,"56":1,"57":4,"58":4,"59":4,"60":4,"61":4,"62":1,"63":1,"64":4,"65":4,"66":2,"67":4,"68":1,"69":1,"70":1,"71":1,"72":1,"73":1,"74":1,"75":1,"76":1,"77":1,"78":1,"79":1,"80":1,"81":1,"82":1,"83":1,"84":1,"85":4,"86":2,"87":0,"88":2,"89":2,"90":2,"91":2,"92":2,"93":2,"94":2,"95":2,"96":1,"97":1,"98":1,"99":1,"100":1,"101":1,"102":1,"103":1,"104":1,"105":1,"106":1,"107":2,"108":1,"109":1,"110":1,"111":1,"112":1,"113":0,"114":1,"115":1,"116":1,"117":1,"118":1,"119":1,"120":1,"121":1,"122":1,"123":1,"124":1,"125":1,"126":1,"127":1,"128":1,"129":0,"130":0,"131":0,"132":0,"133":0,"134":0,"135":0,"136":0,"137":0,"138":0,"139":0,"140":0,"141":0,"142":0,"143":0,"144":0,"145":0,"146":0,"147":0,"148":4,"149":4,"150":4,"151":4,"152":4,"153":4,"154":4,"155":4},"f":{"0":10,"1":3,"2":69,"3":2,"4":1,"5":1,"6":4,"7":67,"8":1,"9":1,"10":2,"11":1,"12":2,"13":1,"14":1,"15":1,"16":1,"17":0,"18":0,"19":0,"20":0,"21":0,"22":0,"23":4,"24":4,"25":0},"b":{"0":[10,0],"1":[6,4],"2":[1,1],"3":[1,1],"4":[1,0],"5":[1,0],"6":[1,0],"7":[1,0],"8":[1,1],"9":[67,67],"10":[0,1],"11":[1,0],"12":[4,0],"13":[4,4],"14":[4,0],"15":[4,0],"16":[1,0],"17":[1,0],"18":[1,0],"19":[1,0],"20":[1,1],"21":[0,2],"22":[2,2],"23":[2,0],"24":[2,0],"25":[1,0],"26":[1,0],"27":[1,0],"28":[1,0],"29":[0,1],"30":[1,0],"31":[1,0],"32":[0,0],"33":[0,0],"34":[0,0],"35":[0,0],"36":[0,4],"37":[4,0]},"inputSourceMap":null,"_coverageSchema":"1a1c01bbd47fc00a2c39e90264f33305004495a9","hash":"1649134cf20af4afe8f09f743821aad239b03f31"}
,"C:\\Users\\Alvaro\\Desktop\\dev\\fury-of-thor\\src\\ui\\screens\\player-selection-screen.js": {"path":"C:\\Users\\Alvaro\\Desktop\\dev\\fury-of-thor\\src\\ui\\screens\\player-selection-screen.js","statementMap":{"0":{"start":{"line":12,"column":18},"end":{"line":12,"column":55}},"1":{"start":{"line":13,"column":19},"end":{"line":13,"column":53}},"2":{"start":{"line":14,"column":22},"end":{"line":14,"column":59}},"3":{"start":{"line":15,"column":23},"end":{"line":15,"column":61}},"4":{"start":{"line":16,"column":28},"end":{"line":16,"column":72}},"5":{"start":{"line":17,"column":23},"end":{"line":17,"column":61}},"6":{"start":{"line":18,"column":34},"end":{"line":18,"column":84}},"7":{"start":{"line":19,"column":25},"end":{"line":19,"column":65}},"8":{"start":{"line":20,"column":34},"end":{"line":20,"column":84}},"9":{"start":{"line":21,"column":40},"end":{"line":21,"column":97}},"10":{"start":{"line":23,"column":22},"end":{"line":23,"column":53}},"11":{"start":{"line":25,"column":4},"end":{"line":38,"column":5}},"12":{"start":{"line":26,"column":8},"end":{"line":26,"column":65}},"13":{"start":{"line":26,"column":47},"end":{"line":26,"column":63}},"14":{"start":{"line":27,"column":8},"end":{"line":31,"column":11}},"15":{"start":{"line":28,"column":12},"end":{"line":30,"column":13}},"16":{"start":{"line":29,"column":16},"end":{"line":29,"column":33}},"17":{"start":{"line":33,"column":8},"end":{"line":37,"column":11}},"18":{"start":{"line":34,"column":12},"end":{"line":36,"column":34}},"19":{"start":{"line":40,"column":4},"end":{"line":42,"column":5}},"20":{"start":{"line":41,"column":8},"end":{"line":41,"column":71}},"21":{"start":{"line":41,"column":50},"end":{"line":41,"column":69}},"22":{"start":{"line":44,"column":4},"end":{"line":46,"column":5}},"23":{"start":{"line":45,"column":8},"end":{"line":45,"column":103}},"24":{"start":{"line":45,"column":51},"end":{"line":45,"column":101}},"25":{"start":{"line":48,"column":4},"end":{"line":50,"column":5}},"26":{"start":{"line":49,"column":8},"end":{"line":49,"column":162}},"27":{"start":{"line":49,"column":56},"end":{"line":49,"column":160}},"28":{"start":{"line":53,"column":21},"end":{"line":53,"column":39}},"29":{"start":{"line":54,"column":8},"end":{"line":54,"column":32}},"30":{"start":{"line":54,"column":25},"end":{"line":54,"column":32}},"31":{"start":{"line":56,"column":8},"end":{"line":59,"column":9}},"32":{"start":{"line":57,"column":12},"end":{"line":57,"column":57}},"33":{"start":{"line":58,"column":12},"end":{"line":58,"column":19}},"34":{"start":{"line":61,"column":8},"end":{"line":64,"column":9}},"35":{"start":{"line":62,"column":12},"end":{"line":62,"column":102}},"36":{"start":{"line":63,"column":12},"end":{"line":63,"column":19}},"37":{"start":{"line":66,"column":8},"end":{"line":69,"column":9}},"38":{"start":{"line":67,"column":12},"end":{"line":67,"column":91}},"39":{"start":{"line":68,"column":12},"end":{"line":68,"column":19}},"40":{"start":{"line":71,"column":8},"end":{"line":71,"column":30}},"41":{"start":{"line":72,"column":8},"end":{"line":72,"column":28}},"42":{"start":{"line":73,"column":8},"end":{"line":73,"column":25}},"43":{"start":{"line":77,"column":21},"end":{"line":77,"column":39}},"44":{"start":{"line":78,"column":24},"end":{"line":78,"column":42}},"45":{"start":{"line":80,"column":8},"end":{"line":89,"column":9}},"46":{"start":{"line":81,"column":26},"end":{"line":81,"column":88}},"47":{"start":{"line":81,"column":49},"end":{"line":81,"column":87}},"48":{"start":{"line":82,"column":12},"end":{"line":86,"column":13}},"49":{"start":{"line":83,"column":16},"end":{"line":83,"column":42}},"50":{"start":{"line":85,"column":16},"end":{"line":85,"column":34}},"51":{"start":{"line":88,"column":12},"end":{"line":88,"column":30}},"52":{"start":{"line":91,"column":8},"end":{"line":91,"column":25}},"53":{"start":{"line":92,"column":8},"end":{"line":92,"column":28}},"54":{"start":{"line":96,"column":26},"end":{"line":96,"column":120}},"55":{"start":{"line":98,"column":8},"end":{"line":112,"column":9}},"56":{"start":{"line":99,"column":12},"end":{"line":99,"column":33}},"57":{"start":{"line":100,"column":12},"end":{"line":100,"column":40}},"58":{"start":{"line":101,"column":12},"end":{"line":101,"column":32}},"59":{"start":{"line":102,"column":12},"end":{"line":102,"column":29}},"60":{"start":{"line":103,"column":12},"end":{"line":103,"column":30}},"61":{"start":{"line":105,"column":12},"end":{"line":111,"column":13}},"62":{"start":{"line":106,"column":16},"end":{"line":106,"column":61}},"63":{"start":{"line":107,"column":16},"end":{"line":107,"column":50}},"64":{"start":{"line":108,"column":16},"end":{"line":108,"column":44}},"65":{"start":{"line":109,"column":16},"end":{"line":109,"column":36}},"66":{"start":{"line":110,"column":16},"end":{"line":110,"column":35}},"67":{"start":{"line":116,"column":8},"end":{"line":116,"column":60}},"68":{"start":{"line":116,"column":53},"end":{"line":116,"column":60}},"69":{"start":{"line":118,"column":8},"end":{"line":121,"column":9}},"70":{"start":{"line":119,"column":12},"end":{"line":119,"column":85}},"71":{"start":{"line":120,"column":12},"end":{"line":120,"column":19}},"72":{"start":{"line":123,"column":8},"end":{"line":123,"column":53}},"73":{"start":{"line":124,"column":8},"end":{"line":124,"column":44}},"74":{"start":{"line":126,"column":8},"end":{"line":126,"column":36}},"75":{"start":{"line":127,"column":8},"end":{"line":127,"column":36}},"76":{"start":{"line":129,"column":25},"end":{"line":129,"column":49}},"77":{"start":{"line":130,"column":28},"end":{"line":130,"column":90}},"78":{"start":{"line":131,"column":8},"end":{"line":131,"column":61}},"79":{"start":{"line":131,"column":25},"end":{"line":131,"column":61}},"80":{"start":{"line":133,"column":8},"end":{"line":133,"column":28}},"81":{"start":{"line":134,"column":8},"end":{"line":134,"column":25}},"82":{"start":{"line":135,"column":8},"end":{"line":135,"column":27}}},"fnMap":{"0":{"name":"initPlayerSelectionScreen","decl":{"start":{"line":11,"column":16},"end":{"line":11,"column":41}},"loc":{"start":{"line":11,"column":44},"end":{"line":137,"column":1}},"line":11},"1":{"name":"(anonymous_1)","decl":{"start":{"line":26,"column":41},"end":{"line":26,"column":42}},"loc":{"start":{"line":26,"column":47},"end":{"line":26,"column":63}},"line":26},"2":{"name":"(anonymous_2)","decl":{"start":{"line":27,"column":42},"end":{"line":27,"column":43}},"loc":{"start":{"line":27,"column":49},"end":{"line":31,"column":9}},"line":27},"3":{"name":"(anonymous_3)","decl":{"start":{"line":33,"column":40},"end":{"line":33,"column":41}},"loc":{"start":{"line":33,"column":46},"end":{"line":37,"column":9}},"line":33},"4":{"name":"(anonymous_4)","decl":{"start":{"line":41,"column":44},"end":{"line":41,"column":45}},"loc":{"start":{"line":41,"column":50},"end":{"line":41,"column":69}},"line":41},"5":{"name":"(anonymous_5)","decl":{"start":{"line":45,"column":45},"end":{"line":45,"column":46}},"loc":{"start":{"line":45,"column":51},"end":{"line":45,"column":101}},"line":45},"6":{"name":"(anonymous_6)","decl":{"start":{"line":49,"column":50},"end":{"line":49,"column":51}},"loc":{"start":{"line":49,"column":56},"end":{"line":49,"column":160}},"line":49},"7":{"name":"addViking","decl":{"start":{"line":52,"column":13},"end":{"line":52,"column":22}},"loc":{"start":{"line":52,"column":30},"end":{"line":74,"column":5}},"line":52},"8":{"name":"removeViking","decl":{"start":{"line":76,"column":13},"end":{"line":76,"column":25}},"loc":{"start":{"line":76,"column":33},"end":{"line":93,"column":5}},"line":76},"9":{"name":"(anonymous_9)","decl":{"start":{"line":81,"column":44},"end":{"line":81,"column":45}},"loc":{"start":{"line":81,"column":49},"end":{"line":81,"column":87}},"line":81},"10":{"name":"handleBackClick","decl":{"start":{"line":95,"column":19},"end":{"line":95,"column":34}},"loc":{"start":{"line":95,"column":70},"end":{"line":113,"column":5}},"line":95},"11":{"name":"handleGameStart","decl":{"start":{"line":115,"column":13},"end":{"line":115,"column":28}},"loc":{"start":{"line":115,"column":118},"end":{"line":136,"column":5}},"line":115},"12":{"name":"(anonymous_12)","decl":{"start":{"line":131,"column":50},"end":{"line":131,"column":51}},"loc":{"start":{"line":131,"column":56},"end":{"line":131,"column":59}},"line":131}},"branchMap":{"0":{"loc":{"start":{"line":25,"column":4},"end":{"line":38,"column":5}},"type":"if","locations":[{"start":{"line":25,"column":4},"end":{"line":38,"column":5}},{"start":{},"end":{}}],"line":25},"1":{"loc":{"start":{"line":25,"column":8},"end":{"line":25,"column":23}},"type":"binary-expr","locations":[{"start":{"line":25,"column":8},"end":{"line":25,"column":14}},{"start":{"line":25,"column":18},"end":{"line":25,"column":23}}],"line":25},"2":{"loc":{"start":{"line":28,"column":12},"end":{"line":30,"column":13}},"type":"if","locations":[{"start":{"line":28,"column":12},"end":{"line":30,"column":13}},{"start":{},"end":{}}],"line":28},"3":{"loc":{"start":{"line":40,"column":4},"end":{"line":42,"column":5}},"type":"if","locations":[{"start":{"line":40,"column":4},"end":{"line":42,"column":5}},{"start":{},"end":{}}],"line":40},"4":{"loc":{"start":{"line":40,"column":8},"end":{"line":40,"column":26}},"type":"binary-expr","locations":[{"start":{"line":40,"column":8},"end":{"line":40,"column":17}},{"start":{"line":40,"column":21},"end":{"line":40,"column":26}}],"line":40},"5":{"loc":{"start":{"line":44,"column":4},"end":{"line":46,"column":5}},"type":"if","locations":[{"start":{"line":44,"column":4},"end":{"line":46,"column":5}},{"start":{},"end":{}}],"line":44},"6":{"loc":{"start":{"line":48,"column":4},"end":{"line":50,"column":5}},"type":"if","locations":[{"start":{"line":48,"column":4},"end":{"line":50,"column":5}},{"start":{},"end":{}}],"line":48},"7":{"loc":{"start":{"line":54,"column":8},"end":{"line":54,"column":32}},"type":"if","locations":[{"start":{"line":54,"column":8},"end":{"line":54,"column":32}},{"start":{},"end":{}}],"line":54},"8":{"loc":{"start":{"line":56,"column":8},"end":{"line":59,"column":9}},"type":"if","locations":[{"start":{"line":56,"column":8},"end":{"line":59,"column":9}},{"start":{},"end":{}}],"line":56},"9":{"loc":{"start":{"line":61,"column":8},"end":{"line":64,"column":9}},"type":"if","locations":[{"start":{"line":61,"column":8},"end":{"line":64,"column":9}},{"start":{},"end":{}}],"line":61},"10":{"loc":{"start":{"line":66,"column":8},"end":{"line":69,"column":9}},"type":"if","locations":[{"start":{"line":66,"column":8},"end":{"line":69,"column":9}},{"start":{},"end":{}}],"line":66},"11":{"loc":{"start":{"line":80,"column":8},"end":{"line":89,"column":9}},"type":"if","locations":[{"start":{"line":80,"column":8},"end":{"line":89,"column":9}},{"start":{"line":87,"column":15},"end":{"line":89,"column":9}}],"line":80},"12":{"loc":{"start":{"line":82,"column":12},"end":{"line":86,"column":13}},"type":"if","locations":[{"start":{"line":82,"column":12},"end":{"line":86,"column":13}},{"start":{"line":84,"column":19},"end":{"line":86,"column":13}}],"line":82},"13":{"loc":{"start":{"line":98,"column":8},"end":{"line":112,"column":9}},"type":"if","locations":[{"start":{"line":98,"column":8},"end":{"line":112,"column":9}},{"start":{},"end":{}}],"line":98},"14":{"loc":{"start":{"line":105,"column":12},"end":{"line":111,"column":13}},"type":"if","locations":[{"start":{"line":105,"column":12},"end":{"line":111,"column":13}},{"start":{},"end":{}}],"line":105},"15":{"loc":{"start":{"line":105,"column":16},"end":{"line":105,"column":51}},"type":"binary-expr","locations":[{"start":{"line":105,"column":16},"end":{"line":105,"column":26}},{"start":{"line":105,"column":30},"end":{"line":105,"column":51}}],"line":105},"16":{"loc":{"start":{"line":116,"column":8},"end":{"line":116,"column":60}},"type":"if","locations":[{"start":{"line":116,"column":8},"end":{"line":116,"column":60}},{"start":{},"end":{}}],"line":116},"17":{"loc":{"start":{"line":116,"column":12},"end":{"line":116,"column":51}},"type":"binary-expr","locations":[{"start":{"line":116,"column":12},"end":{"line":116,"column":34}},{"start":{"line":116,"column":38},"end":{"line":116,"column":51}}],"line":116},"18":{"loc":{"start":{"line":118,"column":8},"end":{"line":121,"column":9}},"type":"if","locations":[{"start":{"line":118,"column":8},"end":{"line":121,"column":9}},{"start":{},"end":{}}],"line":118},"19":{"loc":{"start":{"line":130,"column":28},"end":{"line":130,"column":90}},"type":"cond-expr","locations":[{"start":{"line":130,"column":39},"end":{"line":130,"column":66}},{"start":{"line":130,"column":69},"end":{"line":130,"column":90}}],"line":130},"20":{"loc":{"start":{"line":131,"column":8},"end":{"line":131,"column":61}},"type":"if","locations":[{"start":{"line":131,"column":8},"end":{"line":131,"column":61}},{"start":{},"end":{}}],"line":131}},"s":{"0":13,"1":13,"2":13,"3":13,"4":13,"5":13,"6":13,"7":13,"8":13,"9":13,"10":13,"11":13,"12":12,"13":4,"14":12,"15":1,"16":1,"17":12,"18":2,"19":13,"20":12,"21":2,"22":13,"23":12,"24":1,"25":13,"26":13,"27":3,"28":5,"29":5,"30":1,"31":4,"32":1,"33":1,"34":3,"35":1,"36":1,"37":2,"38":0,"39":0,"40":2,"41":2,"42":2,"43":2,"44":2,"45":2,"46":1,"47":1,"48":1,"49":1,"50":0,"51":1,"52":2,"53":2,"54":1,"55":1,"56":1,"57":1,"58":1,"59":1,"60":1,"61":1,"62":1,"63":1,"64":1,"65":1,"66":1,"67":3,"68":1,"69":2,"70":1,"71":1,"72":1,"73":1,"74":1,"75":1,"76":1,"77":1,"78":1,"79":1,"80":1,"81":1,"82":1},"f":{"0":13,"1":4,"2":1,"3":2,"4":2,"5":1,"6":3,"7":5,"8":2,"9":1,"10":1,"11":3,"12":0},"b":{"0":[12,1],"1":[13,12],"2":[1,0],"3":[12,1],"4":[13,12],"5":[12,1],"6":[13,0],"7":[1,4],"8":[1,3],"9":[1,2],"10":[0,2],"11":[1,1],"12":[1,0],"13":[1,0],"14":[1,0],"15":[1,1],"16":[1,2],"17":[3,2],"18":[1,1],"19":[0,1],"20":[1,0]},"inputSourceMap":null,"_coverageSchema":"1a1c01bbd47fc00a2c39e90264f33305004495a9","hash":"f3737fe2fe4de1401709e3ce82b12ca8c9b044ef"}
}
