TN:
SF:src\core\persistence.js
FN:8,(anonymous_0)
FN:12,(anonymous_1)
FN:16,(anonymous_2)
FN:22,(anonymous_3)
FN:25,(anonymous_4)
FN:34,(anonymous_5)
FN:39,(anonymous_6)
FN:66,(anonymous_7)
FN:77,(anonymous_8)
FN:85,(anonymous_9)
FN:96,(anonymous_10)
FN:99,(anonymous_11)
FN:110,(anonymous_12)
FN:120,(anonymous_13)
FN:124,(anonymous_14)
FN:128,(anonymous_15)
FN:132,(anonymous_16)
FN:136,(anonymous_17)
FN:140,(anonymous_18)
FN:144,(anonymous_19)
FN:148,(anonymous_20)
FN:150,(anonymous_21)
FN:163,(anonymous_22)
FN:167,(anonymous_23)
FN:168,(anonymous_24)
FN:173,(anonymous_25)
FN:182,(anonymous_26)
FN:211,(anonymous_27)
FN:213,(anonymous_28)
FN:227,(anonymous_29)
FN:250,(anonymous_30)
FNF:31
FNH:15
FNDA:5,(anonymous_0)
FNDA:3,(anonymous_1)
FNDA:2,(anonymous_2)
FNDA:0,(anonymous_3)
FNDA:0,(anonymous_4)
FNDA:0,(anonymous_5)
FNDA:0,(anonymous_6)
FNDA:3,(anonymous_7)
FNDA:1,(anonymous_8)
FNDA:3,(anonymous_9)
FNDA:1,(anonymous_10)
FNDA:0,(anonymous_11)
FNDA:4,(anonymous_12)
FNDA:3,(anonymous_13)
FNDA:3,(anonymous_14)
FNDA:2,(anonymous_15)
FNDA:3,(anonymous_16)
FNDA:2,(anonymous_17)
FNDA:3,(anonymous_18)
FNDA:2,(anonymous_19)
FNDA:0,(anonymous_20)
FNDA:0,(anonymous_21)
FNDA:0,(anonymous_22)
FNDA:0,(anonymous_23)
FNDA:0,(anonymous_24)
FNDA:0,(anonymous_25)
FNDA:0,(anonymous_26)
FNDA:0,(anonymous_27)
FNDA:0,(anonymous_28)
FNDA:0,(anonymous_29)
FNDA:0,(anonymous_30)
DA:4,2
DA:5,2
DA:7,2
DA:9,5
DA:13,3
DA:17,2
DA:19,1
DA:20,1
DA:21,1
DA:22,1
DA:23,1
DA:25,1
DA:26,0
DA:27,0
DA:31,1
DA:32,1
DA:34,1
DA:35,0
DA:36,0
DA:37,0
DA:38,0
DA:39,0
DA:40,0
DA:41,0
DA:47,1
DA:60,1
DA:62,0
DA:67,3
DA:68,3
DA:69,3
DA:70,2
DA:72,1
DA:73,1
DA:78,1
DA:79,1
DA:81,0
DA:86,3
DA:87,3
DA:88,11
DA:89,11
DA:90,1
DA:93,2
DA:97,1
DA:98,1
DA:99,1
DA:100,0
DA:101,0
DA:107,1
DA:111,4
DA:112,4
DA:114,2
DA:115,2
DA:117,0
DA:121,3
DA:125,3
DA:129,2
DA:133,3
DA:137,2
DA:141,3
DA:145,2
DA:149,0
DA:150,0
DA:151,0
DA:152,0
DA:153,0
DA:154,0
DA:155,0
DA:157,0
DA:164,0
DA:166,0
DA:167,0
DA:168,0
DA:169,0
DA:172,0
DA:173,0
DA:174,0
DA:175,0
DA:176,0
DA:183,0
DA:184,0
DA:186,0
DA:187,0
DA:189,0
DA:190,0
DA:192,0
DA:193,0
DA:194,0
DA:196,0
DA:197,0
DA:198,0
DA:199,0
DA:202,0
DA:203,0
DA:204,0
DA:205,0
DA:206,0
DA:207,0
DA:208,0
DA:210,0
DA:211,0
DA:213,0
DA:214,0
DA:215,0
DA:216,0
DA:218,0
DA:219,0
DA:221,0
DA:222,0
DA:223,0
DA:224,0
DA:226,0
DA:227,0
DA:228,0
DA:229,0
DA:230,0
DA:232,0
DA:235,0
DA:238,0
DA:239,0
DA:240,0
DA:241,0
DA:243,0
DA:244,0
DA:247,0
DA:249,0
DA:250,0
DA:251,0
LF:127
LH:46
BRDA:17,0,0,1
BRDA:17,0,1,1
BRDA:26,1,0,0
BRDA:26,1,1,0
BRDA:36,2,0,0
BRDA:36,2,1,0
BRDA:36,3,0,0
BRDA:36,3,1,0
BRDA:38,4,0,0
BRDA:38,4,1,0
BRDA:40,5,0,0
BRDA:40,5,1,0
BRDA:69,6,0,1
BRDA:69,6,1,2
BRDA:89,7,0,1
BRDA:89,7,1,10
BRDA:89,8,0,11
BRDA:89,8,1,3
BRDA:89,8,2,1
BRDA:100,9,0,0
BRDA:100,9,1,0
BRDA:111,10,0,4
BRDA:111,10,1,2
BRDA:112,11,0,2
BRDA:112,11,1,2
BRDA:114,12,0,2
BRDA:114,12,1,0
BRDA:114,13,0,2
BRDA:114,13,1,1
BRDA:121,14,0,3
BRDA:121,14,1,0
BRDA:141,15,0,3
BRDA:141,15,1,2
BRDA:152,16,0,0
BRDA:152,16,1,0
BRDA:153,17,0,0
BRDA:153,17,1,0
BRDA:164,18,0,0
BRDA:164,18,1,0
BRDA:164,19,0,0
BRDA:164,19,1,0
BRDA:169,20,0,0
BRDA:169,20,1,0
BRDA:172,21,0,0
BRDA:172,21,1,0
BRDA:174,22,0,0
BRDA:174,22,1,0
BRDA:184,23,0,0
BRDA:184,23,1,0
BRDA:190,24,0,0
BRDA:190,24,1,0
BRDA:196,25,0,0
BRDA:196,25,1,0
BRDA:196,26,0,0
BRDA:196,26,1,0
BRDA:198,27,0,0
BRDA:198,27,1,0
BRDA:211,28,0,0
BRDA:211,28,1,0
BRDA:219,29,0,0
BRDA:219,29,1,0
BRDA:226,30,0,0
BRDA:226,30,1,0
BRDA:228,31,0,0
BRDA:228,31,1,0
BRF:65
BRH:19
end_of_record
TN:
SF:src\core\runes.js
FNF:0
FNH:0
DA:1,6
DA:20,6
LF:2
LH:2
BRF:0
BRH:0
end_of_record
TN:
SF:src\core\sound-manager.js
FN:2,(anonymous_0)
FN:11,(anonymous_1)
FN:12,(anonymous_2)
FN:17,(anonymous_3)
FN:26,(anonymous_4)
FN:33,(anonymous_5)
FN:46,(anonymous_6)
FN:52,(anonymous_7)
FN:69,(anonymous_8)
FN:101,(anonymous_9)
FNF:10
FNH:8
FNDA:3,(anonymous_0)
FNDA:0,(anonymous_1)
FNDA:0,(anonymous_2)
FNDA:5,(anonymous_3)
FNDA:13,(anonymous_4)
FNDA:1,(anonymous_5)
FNDA:8,(anonymous_6)
FNDA:12,(anonymous_7)
FNDA:10,(anonymous_8)
FNDA:2,(anonymous_9)
DA:3,3
DA:4,3
DA:5,3
DA:6,3
DA:7,3
DA:8,3
DA:12,0
DA:13,0
DA:18,5
DA:19,5
DA:20,5
DA:21,5
DA:22,5
DA:23,5
DA:27,13
DA:28,12
DA:29,8
DA:32,12
DA:33,11
DA:34,1
DA:38,12
DA:39,12
DA:40,11
DA:41,11
DA:47,8
DA:48,7
DA:53,12
DA:54,11
DA:55,11
DA:57,11
DA:58,11
DA:59,11
DA:61,11
DA:62,11
DA:63,4
DA:64,4
DA:70,10
DA:72,9
DA:73,9
DA:75,9
DA:76,6
DA:77,12
DA:78,12
DA:80,12
DA:81,6
DA:83,6
DA:87,3
DA:88,5
DA:89,5
DA:91,5
DA:92,3
DA:97,9
DA:98,9
DA:102,2
DA:103,2
DA:107,3
LF:56
LH:54
BRDA:17,0,0,2
BRDA:17,1,0,3
BRDA:17,2,0,4
BRDA:27,3,0,12
BRDA:27,3,1,1
BRDA:28,4,0,8
BRDA:28,4,1,4
BRDA:32,5,0,11
BRDA:32,5,1,1
BRDA:38,6,0,12
BRDA:38,6,1,0
BRDA:39,7,0,11
BRDA:39,7,1,1
BRDA:47,8,0,7
BRDA:47,8,1,1
BRDA:53,9,0,11
BRDA:53,9,1,1
BRDA:58,10,0,11
BRDA:58,10,1,0
BRDA:61,11,0,11
BRDA:61,11,1,0
BRDA:62,12,0,4
BRDA:62,12,1,7
BRDA:62,13,0,11
BRDA:62,13,1,5
BRDA:70,14,0,1
BRDA:70,14,1,9
BRDA:75,15,0,6
BRDA:75,15,1,3
BRDA:78,16,0,12
BRDA:78,16,1,0
BRDA:80,17,0,6
BRDA:80,17,1,6
BRDA:89,18,0,5
BRDA:89,18,1,0
BRDA:91,19,0,3
BRDA:91,19,1,2
BRF:37
BRH:32
end_of_record
TN:
SF:src\core\state.js
FN:10,saveState
FN:17,(anonymous_1)
FN:21,(anonymous_2)
FN:26,(anonymous_3)
FN:31,(anonymous_4)
FN:36,(anonymous_5)
FN:41,(anonymous_6)
FN:46,(anonymous_7)
FN:50,(anonymous_8)
FN:54,(anonymous_9)
FN:58,(anonymous_10)
FN:62,(anonymous_11)
FN:67,(anonymous_12)
FN:72,(anonymous_13)
FN:76,(anonymous_14)
FN:81,(anonymous_15)
FN:85,(anonymous_16)
FNF:17
FNH:17
FNDA:93,saveState
FNDA:9,(anonymous_1)
FNDA:31,(anonymous_2)
FNDA:2,(anonymous_3)
FNDA:2,(anonymous_4)
FNDA:2,(anonymous_5)
FNDA:1,(anonymous_6)
FNDA:8,(anonymous_7)
FNDA:27,(anonymous_8)
FNDA:3,(anonymous_9)
FNDA:3,(anonymous_10)
FNDA:2,(anonymous_11)
FNDA:24,(anonymous_12)
FNDA:4,(anonymous_13)
FNDA:5,(anonymous_14)
FNDA:2,(anonymous_15)
FNDA:24,(anonymous_16)
DA:5,2
DA:6,2
DA:7,2
DA:8,2
DA:11,93
DA:12,93
DA:16,2
DA:18,9
DA:22,31
DA:23,31
DA:27,2
DA:28,2
DA:32,2
DA:33,2
DA:37,2
DA:38,2
DA:42,1
DA:43,1
DA:47,8
DA:51,27
DA:55,3
DA:59,3
DA:63,2
DA:64,2
DA:68,24
DA:69,24
DA:73,4
DA:77,5
DA:78,5
DA:82,2
DA:86,24
DA:87,24
LF:32
LH:32
BRDA:11,0,0,93
BRDA:11,0,1,0
BRF:2
BRH:1
end_of_record
TN:
SF:src\ui\alert-popup.js
FN:2,(anonymous_0)
FN:10,(anonymous_1)
FN:24,(anonymous_2)
FN:33,(anonymous_3)
FN:43,(anonymous_4)
FN:67,(anonymous_5)
FN:72,(anonymous_6)
FN:79,(anonymous_7)
FN:83,(anonymous_8)
FNF:9
FNH:7
FNDA:5,(anonymous_0)
FNDA:3,(anonymous_1)
FNDA:0,(anonymous_2)
FNDA:1,(anonymous_3)
FNDA:3,(anonymous_4)
FNDA:3,(anonymous_5)
FNDA:1,(anonymous_6)
FNDA:0,(anonymous_7)
FNDA:1,(anonymous_8)
DA:3,5
DA:4,5
DA:5,5
DA:6,5
DA:7,5
DA:12,3
DA:14,3
DA:15,3
DA:16,3
DA:17,3
DA:19,3
DA:20,0
DA:21,0
DA:24,3
DA:25,0
DA:26,0
DA:27,0
DA:28,0
DA:32,3
DA:33,3
DA:34,1
DA:35,1
DA:36,1
DA:37,1
DA:44,3
DA:46,3
DA:47,0
DA:50,3
DA:51,1
DA:53,2
DA:56,3
DA:58,3
DA:59,3
DA:60,3
DA:63,3
DA:65,3
DA:67,3
DA:68,3
DA:73,1
DA:74,1
DA:75,1
DA:80,0
DA:84,1
DA:88,5
LF:44
LH:36
BRDA:12,0,0,0
BRDA:12,0,1,3
BRDA:19,1,0,0
BRDA:19,1,1,3
BRDA:19,2,0,3
BRDA:19,2,1,3
BRDA:19,2,2,3
BRDA:26,3,0,0
BRDA:26,3,1,0
BRDA:32,4,0,3
BRDA:32,4,1,0
BRDA:35,5,0,1
BRDA:35,5,1,0
BRDA:43,6,0,0
BRDA:43,7,0,1
BRDA:43,8,0,1
BRDA:43,9,0,1
BRDA:43,10,0,3
BRDA:46,11,0,0
BRDA:46,11,1,3
BRDA:46,12,0,3
BRDA:46,12,1,3
BRDA:50,13,0,1
BRDA:50,13,1,2
BRDA:58,14,0,3
BRDA:58,14,1,0
BRDA:63,15,0,0
BRDA:63,15,1,3
BRDA:73,16,0,1
BRDA:73,16,1,0
BRF:30
BRH:19
end_of_record
TN:
SF:src\ui\runes-circle.js
FN:7,renderRunesCircle
FN:40,(anonymous_1)
FN:66,(anonymous_2)
FN:72,selectRandomViking
FN:76,(anonymous_4)
FN:86,(anonymous_5)
FN:95,(anonymous_6)
FN:96,(anonymous_7)
FN:101,(anonymous_8)
FN:110,breakChosenRune
FN:115,(anonymous_10)
FN:125,resetChosenRune
FN:129,(anonymous_12)
FNF:13
FNH:0
FNDA:0,renderRunesCircle
FNDA:0,(anonymous_1)
FNDA:0,(anonymous_2)
FNDA:0,selectRandomViking
FNDA:0,(anonymous_4)
FNDA:0,(anonymous_5)
FNDA:0,(anonymous_6)
FNDA:0,(anonymous_7)
FNDA:0,(anonymous_8)
FNDA:0,breakChosenRune
FNDA:0,(anonymous_10)
FNDA:0,resetChosenRune
FNDA:0,(anonymous_12)
DA:8,0
DA:9,0
DA:11,0
DA:12,0
DA:13,0
DA:15,0
DA:16,0
DA:17,0
DA:19,0
DA:20,0
DA:21,0
DA:23,0
DA:24,0
DA:25,0
DA:26,0
DA:29,0
DA:30,0
DA:31,0
DA:32,0
DA:33,0
DA:34,0
DA:35,0
DA:37,0
DA:38,0
DA:40,0
DA:41,0
DA:42,0
DA:43,0
DA:45,0
DA:46,0
DA:48,0
DA:49,0
DA:50,0
DA:51,0
DA:52,0
DA:53,0
DA:54,0
DA:55,0
DA:56,0
DA:58,0
DA:59,0
DA:62,0
DA:63,0
DA:65,0
DA:66,0
DA:67,0
DA:68,0
DA:73,0
DA:74,0
DA:76,0
DA:77,0
DA:80,0
DA:81,0
DA:82,0
DA:83,0
DA:86,0
DA:87,0
DA:89,0
DA:90,0
DA:91,0
DA:93,0
DA:95,0
DA:96,0
DA:97,0
DA:99,0
DA:101,0
DA:102,0
DA:103,0
DA:104,0
DA:111,0
DA:112,0
DA:113,0
DA:114,0
DA:115,0
DA:116,0
DA:117,0
DA:118,0
DA:120,0
DA:122,0
DA:126,0
DA:127,0
DA:129,0
DA:130,0
DA:133,0
DA:134,0
DA:135,0
DA:136,0
LF:87
LH:0
BRDA:9,0,0,0
BRDA:9,0,1,0
BRDA:17,1,0,0
BRDA:17,1,1,0
BRDA:23,2,0,0
BRDA:23,2,1,0
BRDA:23,3,0,0
BRDA:23,3,1,0
BRDA:25,4,0,0
BRDA:25,4,1,0
BRDA:74,5,0,0
BRDA:74,5,1,0
BRDA:81,6,0,0
BRDA:81,6,1,0
BRDA:87,7,0,0
BRDA:87,7,1,0
BRDA:97,8,0,0
BRDA:97,8,1,0
BRDA:102,9,0,0
BRDA:102,9,1,0
BRDA:112,10,0,0
BRDA:112,10,1,0
BRDA:114,11,0,0
BRDA:114,11,1,0
BRDA:116,12,0,0
BRDA:116,12,1,0
BRDA:127,13,0,0
BRDA:127,13,1,0
BRDA:134,14,0,0
BRDA:134,14,1,0
BRF:30
BRH:0
end_of_record
TN:
SF:src\ui\typewriter.js
FN:2,(anonymous_0)
FN:26,(anonymous_1)
FN:31,(anonymous_2)
FN:42,(anonymous_3)
FN:55,(anonymous_4)
FN:60,(anonymous_5)
FN:92,(anonymous_6)
FN:96,(anonymous_7)
FN:103,(anonymous_8)
FN:117,(anonymous_9)
FN:122,(anonymous_10)
FN:127,(anonymous_11)
FN:134,(anonymous_12)
FN:141,(anonymous_13)
FN:147,(anonymous_14)
FN:160,(anonymous_15)
FNF:16
FNH:0
FNDA:0,(anonymous_0)
FNDA:0,(anonymous_1)
FNDA:0,(anonymous_2)
FNDA:0,(anonymous_3)
FNDA:0,(anonymous_4)
FNDA:0,(anonymous_5)
FNDA:0,(anonymous_6)
FNDA:0,(anonymous_7)
FNDA:0,(anonymous_8)
FNDA:0,(anonymous_9)
FNDA:0,(anonymous_10)
FNDA:0,(anonymous_11)
FNDA:0,(anonymous_12)
FNDA:0,(anonymous_13)
FNDA:0,(anonymous_14)
FNDA:0,(anonymous_15)
DA:3,0
DA:4,0
DA:16,0
DA:17,0
DA:18,0
DA:19,0
DA:20,0
DA:22,0
DA:23,0
DA:24,0
DA:25,0
DA:26,0
DA:27,0
DA:28,0
DA:32,0
DA:34,0
DA:35,0
DA:36,0
DA:38,0
DA:39,0
DA:40,0
DA:42,0
DA:43,0
DA:44,0
DA:45,0
DA:48,0
DA:49,0
DA:50,0
DA:51,0
DA:52,0
DA:54,0
DA:55,0
DA:56,0
DA:57,0
DA:58,0
DA:60,0
DA:61,0
DA:62,0
DA:63,0
DA:65,0
DA:66,0
DA:67,0
DA:68,0
DA:70,0
DA:71,0
DA:74,0
DA:78,0
DA:79,0
DA:80,0
DA:81,0
DA:83,0
DA:84,0
DA:89,0
DA:93,0
DA:95,0
DA:96,0
DA:97,0
DA:98,0
DA:99,0
DA:102,0
DA:103,0
DA:104,0
DA:105,0
DA:109,0
DA:110,0
DA:112,0
DA:113,0
DA:114,0
DA:117,0
DA:118,0
DA:123,0
DA:125,0
DA:127,0
DA:128,0
DA:129,0
DA:135,0
DA:136,0
DA:138,0
DA:139,0
DA:140,0
DA:141,0
DA:142,0
DA:148,0
DA:149,0
DA:150,0
DA:151,0
DA:153,0
DA:154,0
DA:155,0
DA:157,0
DA:161,0
DA:162,0
LF:92
LH:0
BRDA:2,0,0,0
BRDA:2,1,0,0
BRDA:4,2,0,0
BRDA:4,2,1,0
BRDA:16,3,0,0
BRDA:16,3,1,0
BRDA:17,4,0,0
BRDA:17,4,1,0
BRDA:18,5,0,0
BRDA:18,5,1,0
BRDA:19,6,0,0
BRDA:19,6,1,0
BRDA:20,7,0,0
BRDA:20,7,1,0
BRDA:26,8,0,0
BRDA:26,8,1,0
BRDA:32,9,0,0
BRDA:32,9,1,0
BRDA:32,10,0,0
BRDA:32,10,1,0
BRDA:35,11,0,0
BRDA:35,11,1,0
BRDA:36,12,0,0
BRDA:36,12,1,0
BRDA:38,13,0,0
BRDA:38,13,1,0
BRDA:40,14,0,0
BRDA:40,14,1,0
BRDA:43,15,0,0
BRDA:43,15,1,0
BRDA:43,16,0,0
BRDA:43,16,1,0
BRDA:43,16,2,0
BRDA:48,17,0,0
BRDA:48,17,1,0
BRDA:49,18,0,0
BRDA:49,18,1,0
BRDA:56,19,0,0
BRDA:56,19,1,0
BRDA:56,20,0,0
BRDA:56,20,1,0
BRDA:56,20,2,0
BRDA:61,21,0,0
BRDA:61,21,1,0
BRDA:61,22,0,0
BRDA:61,22,1,0
BRDA:61,22,2,0
BRDA:65,23,0,0
BRDA:65,23,1,0
BRDA:71,24,0,0
BRDA:71,24,1,0
BRDA:78,25,0,0
BRDA:78,25,1,0
BRDA:84,26,0,0
BRDA:84,26,1,0
BRDA:93,27,0,0
BRDA:93,27,1,0
BRDA:93,28,0,0
BRDA:93,28,1,0
BRDA:93,28,2,0
BRDA:95,29,0,0
BRDA:95,29,1,0
BRDA:97,30,0,0
BRDA:97,30,1,0
BRDA:98,31,0,0
BRDA:98,31,1,0
BRDA:98,32,0,0
BRDA:98,32,1,0
BRDA:102,33,0,0
BRDA:102,33,1,0
BRDA:104,34,0,0
BRDA:104,34,1,0
BRDA:112,35,0,0
BRDA:112,35,1,0
BRDA:123,36,0,0
BRDA:123,36,1,0
BRDA:123,37,0,0
BRDA:123,37,1,0
BRDA:128,38,0,0
BRDA:128,38,1,0
BRDA:128,39,0,0
BRDA:128,39,1,0
BRDA:128,39,2,0
BRDA:134,40,0,0
BRDA:135,41,0,0
BRDA:135,41,1,0
BRDA:138,42,0,0
BRDA:138,42,1,0
BRDA:139,43,0,0
BRDA:139,43,1,0
BRDA:149,44,0,0
BRDA:149,44,1,0
BRDA:153,45,0,0
BRDA:153,45,1,0
BRF:94
BRH:0
end_of_record
TN:
SF:src\ui\vikings-list.js
FN:5,renderVikingsList
FN:15,(anonymous_1)
FNF:2
FNH:0
FNDA:0,renderVikingsList
FNDA:0,(anonymous_1)
DA:6,0
DA:7,0
DA:9,0
DA:10,0
DA:12,0
DA:13,0
DA:15,0
DA:16,0
DA:17,0
DA:19,0
DA:20,0
DA:21,0
DA:22,0
DA:23,0
DA:27,0
LF:15
LH:0
BRDA:7,0,0,0
BRDA:7,0,1,0
BRDA:19,1,0,0
BRDA:19,1,1,0
BRF:4
BRH:0
end_of_record
TN:
SF:src\ui\screens\credit-screen.js
FN:7,initCreditScreen
FN:13,(anonymous_1)
FN:16,handleHomeClick
FNF:3
FNH:3
FNDA:1,initCreditScreen
FNDA:1,(anonymous_1)
FNDA:1,handleHomeClick
DA:8,1
DA:9,1
DA:10,1
DA:12,1
DA:13,1
DA:17,1
DA:19,1
DA:20,1
DA:21,1
DA:22,1
DA:24,1
DA:25,1
DA:26,1
DA:27,1
DA:28,1
DA:29,1
LF:16
LH:16
BRDA:12,0,0,1
BRDA:12,0,1,0
BRDA:17,1,0,0
BRDA:17,1,1,1
BRDA:17,2,0,1
BRDA:17,2,1,1
BRF:6
BRH:4
end_of_record
TN:
SF:src\ui\screens\home-screen.js
FN:4,initHomeScreen
FN:24,handleMuteClick
FN:30,handlePlayClick
FN:39,initInfoPopup
FN:40,(anonymous_4)
FN:46,(anonymous_5)
FN:51,(anonymous_6)
FNF:7
FNH:7
FNDA:4,initHomeScreen
FNDA:1,handleMuteClick
FNDA:1,handlePlayClick
FNDA:4,initInfoPopup
FNDA:2,(anonymous_4)
FNDA:1,(anonymous_5)
FNDA:1,(anonymous_6)
DA:5,4
DA:6,4
DA:7,4
DA:8,4
DA:9,4
DA:10,4
DA:12,4
DA:13,4
DA:16,4
DA:17,4
DA:20,4
DA:21,4
DA:25,1
DA:26,1
DA:27,1
DA:31,1
DA:32,1
DA:33,1
DA:34,1
DA:35,1
DA:40,4
DA:41,2
DA:44,4
DA:45,4
DA:46,4
DA:47,1
DA:51,4
DA:52,1
DA:53,1
LF:29
LH:29
BRDA:12,0,0,4
BRDA:12,0,1,0
BRDA:16,1,0,4
BRDA:16,1,1,0
BRDA:20,2,0,4
BRDA:20,2,1,0
BRDA:20,3,0,4
BRDA:20,3,1,4
BRDA:31,4,0,1
BRDA:31,4,1,0
BRDA:31,5,0,1
BRDA:31,5,1,1
BRDA:45,6,0,4
BRDA:45,6,1,0
BRDA:52,7,0,1
BRDA:52,7,1,0
BRF:16
BRH:10
end_of_record
TN:
SF:src\ui\screens\ingame-screen.js
FN:12,resetGameState
FN:33,setGameEnded
FN:37,getGameEnded
FN:41,restoreWinner
FN:46,(anonymous_4)
FN:51,(anonymous_5)
FN:87,initIngameScreen
FN:107,(anonymous_7)
FN:112,(anonymous_8)
FN:127,(anonymous_9)
FN:134,(anonymous_10)
FN:139,handleHomeClick
FN:164,handleSacrifice
FN:179,(anonymous_13)
FN:191,(anonymous_14)
FN:199,(anonymous_15)
FN:209,(anonymous_16)
FN:226,(anonymous_17)
FN:240,selectWinner
FN:242,(anonymous_19)
FN:247,(anonymous_20)
FN:259,(anonymous_21)
FN:264,showWinner
FN:269,preloadThorImages
FN:276,playBackgroundVideo
FN:280,(anonymous_25)
FNF:26
FNH:1
FNDA:5,resetGameState
FNDA:0,setGameEnded
FNDA:0,getGameEnded
FNDA:0,restoreWinner
FNDA:0,(anonymous_4)
FNDA:0,(anonymous_5)
FNDA:0,initIngameScreen
FNDA:0,(anonymous_7)
FNDA:0,(anonymous_8)
FNDA:0,(anonymous_9)
FNDA:0,(anonymous_10)
FNDA:0,handleHomeClick
FNDA:0,handleSacrifice
FNDA:0,(anonymous_13)
FNDA:0,(anonymous_14)
FNDA:0,(anonymous_15)
FNDA:0,(anonymous_16)
FNDA:0,(anonymous_17)
FNDA:0,selectWinner
FNDA:0,(anonymous_19)
FNDA:0,(anonymous_20)
FNDA:0,(anonymous_21)
FNDA:0,showWinner
FNDA:0,preloadThorImages
FNDA:0,playBackgroundVideo
FNDA:0,(anonymous_25)
DA:9,3
DA:10,3
DA:13,5
DA:14,5
DA:15,5
DA:16,5
DA:18,5
DA:19,5
DA:20,5
DA:21,5
DA:24,5
DA:25,5
DA:26,1
DA:27,1
DA:30,5
DA:34,0
DA:38,0
DA:42,0
DA:43,0
DA:45,0
DA:46,0
DA:47,0
DA:50,0
DA:51,0
DA:52,0
DA:54,0
DA:57,0
DA:58,0
DA:59,0
DA:60,0
DA:63,0
DA:73,0
DA:75,0
DA:76,0
DA:77,0
DA:78,0
DA:79,0
DA:80,0
DA:81,0
DA:82,0
DA:88,0
DA:89,0
DA:90,0
DA:91,0
DA:92,0
DA:93,0
DA:94,0
DA:95,0
DA:97,0
DA:99,0
DA:101,0
DA:108,0
DA:112,0
DA:113,0
DA:114,0
DA:116,0
DA:120,0
DA:122,0
DA:123,0
DA:126,0
DA:127,0
DA:128,0
DA:129,0
DA:133,0
DA:134,0
DA:137,0
DA:140,0
DA:142,0
DA:143,0
DA:144,0
DA:145,0
DA:146,0
DA:148,0
DA:149,0
DA:151,0
DA:152,0
DA:153,0
DA:154,0
DA:155,0
DA:156,0
DA:157,0
DA:162,0
DA:165,0
DA:167,0
DA:168,0
DA:169,0
DA:170,0
DA:173,0
DA:175,0
DA:176,0
DA:179,0
DA:180,0
DA:182,0
DA:183,0
DA:184,0
DA:185,0
DA:186,0
DA:187,0
DA:189,0
DA:191,0
DA:192,0
DA:193,0
DA:199,0
DA:200,0
DA:201,0
DA:202,0
DA:203,0
DA:204,0
DA:205,0
DA:209,0
DA:210,0
DA:211,0
DA:213,0
DA:214,0
DA:216,0
DA:217,0
DA:218,0
DA:219,0
DA:220,0
DA:221,0
DA:222,0
DA:223,0
DA:224,0
DA:226,0
DA:227,0
DA:230,0
DA:231,0
DA:232,0
DA:233,0
DA:241,0
DA:242,0
DA:243,0
DA:246,0
DA:247,0
DA:248,0
DA:250,0
DA:252,0
DA:253,0
DA:254,0
DA:255,0
DA:259,0
DA:260,0
DA:265,0
DA:270,0
DA:271,0
DA:272,0
DA:273,0
DA:277,0
DA:278,0
DA:279,0
DA:280,0
LF:151
LH:15
BRDA:19,0,0,5
BRDA:19,0,1,0
BRDA:25,1,0,1
BRDA:25,1,1,4
BRDA:43,2,0,0
BRDA:43,2,1,0
BRDA:47,3,0,0
BRDA:47,3,1,0
BRDA:50,4,0,0
BRDA:50,4,1,0
BRDA:58,5,0,0
BRDA:58,5,1,0
BRDA:75,6,0,0
BRDA:75,6,1,0
BRDA:78,7,0,0
BRDA:78,7,1,0
BRDA:78,8,0,0
BRDA:78,8,1,0
BRDA:108,9,0,0
BRDA:108,9,1,0
BRDA:113,10,0,0
BRDA:113,10,1,0
BRDA:113,11,0,0
BRDA:113,11,1,0
BRDA:122,12,0,0
BRDA:122,12,1,0
BRDA:122,13,0,0
BRDA:122,13,1,0
BRDA:126,14,0,0
BRDA:126,14,1,0
BRDA:133,15,0,0
BRDA:133,15,1,0
BRDA:142,16,0,0
BRDA:142,16,1,0
BRDA:148,17,0,0
BRDA:148,17,1,0
BRDA:149,18,0,0
BRDA:149,18,1,0
BRDA:151,19,0,0
BRDA:151,19,1,0
BRDA:151,20,0,0
BRDA:151,20,1,0
BRDA:165,21,0,0
BRDA:165,21,1,0
BRDA:165,22,0,0
BRDA:165,22,1,0
BRDA:168,23,0,0
BRDA:168,23,1,0
BRDA:175,24,0,0
BRDA:175,24,1,0
BRDA:183,25,0,0
BRDA:183,25,1,0
BRDA:185,26,0,0
BRDA:185,26,1,0
BRDA:192,27,0,0
BRDA:192,27,1,0
BRDA:201,28,0,0
BRDA:201,28,1,0
BRDA:204,29,0,0
BRDA:204,29,1,0
BRDA:210,30,0,0
BRDA:210,30,1,0
BRDA:217,31,0,0
BRDA:217,31,1,0
BRDA:231,32,0,0
BRDA:231,32,1,0
BRDA:243,33,0,0
BRDA:243,33,1,0
BRDA:246,34,0,0
BRDA:246,34,1,0
BRDA:253,35,0,0
BRDA:253,35,1,0
BRDA:278,36,0,0
BRDA:278,36,1,0
BRDA:279,37,0,0
BRDA:279,37,1,0
BRF:76
BRH:3
end_of_record
TN:
SF:src\ui\screens\player-selection-screen.js
FN:11,initPlayerSelectionScreen
FN:26,(anonymous_1)
FN:27,(anonymous_2)
FN:33,(anonymous_3)
FN:41,(anonymous_4)
FN:45,(anonymous_5)
FN:49,(anonymous_6)
FN:52,addViking
FN:76,removeViking
FN:81,(anonymous_9)
FN:95,handleBackClick
FN:115,handleGameStart
FN:131,(anonymous_12)
FNF:13
FNH:3
FNDA:1,initPlayerSelectionScreen
FNDA:1,(anonymous_1)
FNDA:0,(anonymous_2)
FNDA:0,(anonymous_3)
FNDA:0,(anonymous_4)
FNDA:0,(anonymous_5)
FNDA:0,(anonymous_6)
FNDA:1,addViking
FNDA:0,removeViking
FNDA:0,(anonymous_9)
FNDA:0,handleBackClick
FNDA:0,handleGameStart
FNDA:0,(anonymous_12)
DA:12,1
DA:13,1
DA:14,1
DA:15,1
DA:16,1
DA:17,1
DA:18,1
DA:19,1
DA:20,1
DA:21,1
DA:23,1
DA:25,1
DA:26,1
DA:27,1
DA:28,0
DA:29,0
DA:33,1
DA:34,0
DA:40,1
DA:41,0
DA:44,1
DA:45,0
DA:48,1
DA:49,0
DA:53,1
DA:54,1
DA:56,1
DA:57,0
DA:58,0
DA:61,1
DA:62,0
DA:63,0
DA:66,1
DA:67,0
DA:68,0
DA:71,1
DA:72,1
DA:73,1
DA:77,0
DA:78,0
DA:80,0
DA:81,0
DA:82,0
DA:83,0
DA:85,0
DA:88,0
DA:91,0
DA:92,0
DA:96,0
DA:98,0
DA:99,0
DA:100,0
DA:101,0
DA:102,0
DA:103,0
DA:105,0
DA:106,0
DA:107,0
DA:108,0
DA:109,0
DA:110,0
DA:116,0
DA:118,0
DA:119,0
DA:120,0
DA:123,0
DA:124,0
DA:126,0
DA:127,0
DA:129,0
DA:130,0
DA:131,0
DA:133,0
DA:134,0
DA:135,0
LF:75
LH:26
BRDA:25,0,0,1
BRDA:25,0,1,0
BRDA:25,1,0,1
BRDA:25,1,1,1
BRDA:28,2,0,0
BRDA:28,2,1,0
BRDA:40,3,0,0
BRDA:40,3,1,1
BRDA:40,4,0,1
BRDA:40,4,1,0
BRDA:44,5,0,0
BRDA:44,5,1,1
BRDA:48,6,0,0
BRDA:48,6,1,1
BRDA:54,7,0,0
BRDA:54,7,1,1
BRDA:56,8,0,0
BRDA:56,8,1,1
BRDA:61,9,0,0
BRDA:61,9,1,1
BRDA:66,10,0,0
BRDA:66,10,1,1
BRDA:80,11,0,0
BRDA:80,11,1,0
BRDA:82,12,0,0
BRDA:82,12,1,0
BRDA:98,13,0,0
BRDA:98,13,1,0
BRDA:105,14,0,0
BRDA:105,14,1,0
BRDA:105,15,0,0
BRDA:105,15,1,0
BRDA:116,16,0,0
BRDA:116,16,1,0
BRDA:116,17,0,0
BRDA:116,17,1,0
BRDA:118,18,0,0
BRDA:118,18,1,0
BRDA:130,19,0,0
BRDA:130,19,1,0
BRDA:131,20,0,0
BRDA:131,20,1,0
BRF:42
BRH:11
end_of_record
