TN:
SF:src\core\persistence.js
FN:8,(anonymous_0)
FN:12,(anonymous_1)
FN:16,(anonymous_2)
FN:22,(anonymous_3)
FN:25,(anonymous_4)
FN:34,(anonymous_5)
FN:39,(anonymous_6)
FN:66,(anonymous_7)
FN:77,(anonymous_8)
FN:85,(anonymous_9)
FN:96,(anonymous_10)
FN:99,(anonymous_11)
FN:110,(anonymous_12)
FN:120,(anonymous_13)
FN:124,(anonymous_14)
FN:128,(anonymous_15)
FN:132,(anonymous_16)
FN:136,(anonymous_17)
FN:140,(anonymous_18)
FN:144,(anonymous_19)
FN:148,(anonymous_20)
FN:150,(anonymous_21)
FN:163,(anonymous_22)
FN:167,(anonymous_23)
FN:168,(anonymous_24)
FN:173,(anonymous_25)
FN:182,(anonymous_26)
FN:211,(anonymous_27)
FN:213,(anonymous_28)
FN:227,(anonymous_29)
FN:250,(anonymous_30)
FNF:31
FNH:30
FNDA:9,(anonymous_0)
FNDA:3,(anonymous_1)
FNDA:6,(anonymous_2)
FNDA:1,(anonymous_3)
FNDA:1,(anonymous_4)
FNDA:4,(anonymous_5)
FNDA:2,(anonymous_6)
FNDA:3,(anonymous_7)
FNDA:2,(anonymous_8)
FNDA:7,(anonymous_9)
FNDA:6,(anonymous_10)
FNDA:6,(anonymous_11)
FNDA:9,(anonymous_12)
FNDA:7,(anonymous_13)
FNDA:7,(anonymous_14)
FNDA:2,(anonymous_15)
FNDA:7,(anonymous_16)
FNDA:2,(anonymous_17)
FNDA:7,(anonymous_18)
FNDA:2,(anonymous_19)
FNDA:1,(anonymous_20)
FNDA:4,(anonymous_21)
FNDA:3,(anonymous_22)
FNDA:2,(anonymous_23)
FNDA:1,(anonymous_24)
FNDA:1,(anonymous_25)
FNDA:6,(anonymous_26)
FNDA:1,(anonymous_27)
FNDA:6,(anonymous_28)
FNDA:1,(anonymous_29)
FNDA:0,(anonymous_30)
DA:4,1
DA:5,1
DA:7,1
DA:9,9
DA:13,3
DA:17,6
DA:19,5
DA:20,5
DA:21,5
DA:22,5
DA:23,5
DA:25,5
DA:26,1
DA:27,1
DA:31,5
DA:32,5
DA:34,5
DA:35,4
DA:36,4
DA:37,4
DA:38,4
DA:39,2
DA:40,2
DA:41,2
DA:47,5
DA:60,5
DA:62,1
DA:67,3
DA:68,3
DA:69,3
DA:70,2
DA:72,1
DA:73,1
DA:78,2
DA:79,2
DA:81,1
DA:86,7
DA:87,7
DA:88,27
DA:89,27
DA:90,1
DA:93,6
DA:97,6
DA:98,6
DA:99,6
DA:100,6
DA:101,2
DA:107,6
DA:111,9
DA:112,9
DA:114,3
DA:115,2
DA:117,1
DA:121,7
DA:125,7
DA:129,2
DA:133,7
DA:137,2
DA:141,7
DA:145,2
DA:149,1
DA:150,1
DA:151,4
DA:152,4
DA:153,4
DA:154,1
DA:155,1
DA:157,3
DA:164,3
DA:166,2
DA:167,2
DA:168,2
DA:169,1
DA:172,2
DA:173,1
DA:174,1
DA:175,1
DA:176,1
DA:183,6
DA:184,6
DA:186,6
DA:187,6
DA:189,6
DA:190,6
DA:192,5
DA:193,5
DA:194,5
DA:196,5
DA:197,1
DA:198,4
DA:199,1
DA:202,5
DA:203,5
DA:204,5
DA:205,5
DA:206,5
DA:207,5
DA:208,5
DA:210,5
DA:211,5
DA:213,5
DA:214,6
DA:215,6
DA:216,6
DA:218,6
DA:219,6
DA:221,5
DA:222,5
DA:223,5
DA:224,5
DA:226,5
DA:227,1
DA:228,1
DA:229,1
DA:230,1
DA:232,0
DA:235,4
DA:238,5
DA:239,5
DA:240,5
DA:241,5
DA:243,5
DA:244,5
DA:247,5
DA:249,5
DA:250,5
DA:251,0
LF:127
LH:125
BRDA:17,0,0,1
BRDA:17,0,1,5
BRDA:26,1,0,1
BRDA:26,1,1,0
BRDA:36,2,0,4
BRDA:36,2,1,0
BRDA:36,3,0,4
BRDA:36,3,1,4
BRDA:38,4,0,2
BRDA:38,4,1,2
BRDA:40,5,0,2
BRDA:40,5,1,0
BRDA:69,6,0,1
BRDA:69,6,1,2
BRDA:89,7,0,1
BRDA:89,7,1,26
BRDA:89,8,0,27
BRDA:89,8,1,3
BRDA:89,8,2,1
BRDA:100,9,0,2
BRDA:100,9,1,4
BRDA:111,10,0,9
BRDA:111,10,1,6
BRDA:112,11,0,6
BRDA:112,11,1,3
BRDA:114,12,0,2
BRDA:114,12,1,1
BRDA:114,13,0,3
BRDA:114,13,1,2
BRDA:121,14,0,7
BRDA:121,14,1,0
BRDA:141,15,0,7
BRDA:141,15,1,6
BRDA:152,16,0,4
BRDA:152,16,1,0
BRDA:153,17,0,1
BRDA:153,17,1,3
BRDA:164,18,0,1
BRDA:164,18,1,2
BRDA:164,19,0,3
BRDA:164,19,1,3
BRDA:169,20,0,1
BRDA:169,20,1,1
BRDA:172,21,0,1
BRDA:172,21,1,1
BRDA:174,22,0,1
BRDA:174,22,1,0
BRDA:184,23,0,0
BRDA:184,23,1,6
BRDA:190,24,0,1
BRDA:190,24,1,5
BRDA:196,25,0,1
BRDA:196,25,1,4
BRDA:196,26,0,5
BRDA:196,26,1,1
BRDA:198,27,0,1
BRDA:198,27,1,3
BRDA:211,28,0,5
BRDA:211,28,1,0
BRDA:219,29,0,1
BRDA:219,29,1,5
BRDA:226,30,0,1
BRDA:226,30,1,4
BRDA:228,31,0,1
BRDA:228,31,1,0
BRF:65
BRH:56
end_of_record
TN:
SF:src\core\runes.js
FNF:0
FNH:0
DA:1,4
DA:20,4
LF:2
LH:2
BRF:0
BRH:0
end_of_record
TN:
SF:src\core\sound-manager.js
FN:2,(anonymous_0)
FN:11,(anonymous_1)
FN:12,(anonymous_2)
FN:17,(anonymous_3)
FN:26,(anonymous_4)
FN:33,(anonymous_5)
FN:46,(anonymous_6)
FN:52,(anonymous_7)
FN:69,(anonymous_8)
FN:101,(anonymous_9)
FNF:10
FNH:8
FNDA:2,(anonymous_0)
FNDA:0,(anonymous_1)
FNDA:0,(anonymous_2)
FNDA:5,(anonymous_3)
FNDA:13,(anonymous_4)
FNDA:1,(anonymous_5)
FNDA:8,(anonymous_6)
FNDA:12,(anonymous_7)
FNDA:10,(anonymous_8)
FNDA:2,(anonymous_9)
DA:3,2
DA:4,2
DA:5,2
DA:6,2
DA:7,2
DA:8,2
DA:12,0
DA:13,0
DA:18,5
DA:19,5
DA:20,5
DA:21,5
DA:22,5
DA:23,5
DA:27,13
DA:28,12
DA:29,8
DA:32,12
DA:33,11
DA:34,1
DA:38,12
DA:39,12
DA:40,11
DA:41,11
DA:47,8
DA:48,7
DA:53,12
DA:54,11
DA:55,11
DA:57,11
DA:58,11
DA:59,11
DA:61,11
DA:62,11
DA:63,4
DA:64,4
DA:70,10
DA:72,9
DA:73,9
DA:75,9
DA:76,6
DA:77,12
DA:78,12
DA:80,12
DA:81,6
DA:83,6
DA:87,3
DA:88,5
DA:89,5
DA:91,5
DA:92,3
DA:97,9
DA:98,9
DA:102,2
DA:103,2
DA:107,2
LF:56
LH:54
BRDA:17,0,0,2
BRDA:17,1,0,3
BRDA:17,2,0,4
BRDA:27,3,0,12
BRDA:27,3,1,1
BRDA:28,4,0,8
BRDA:28,4,1,4
BRDA:32,5,0,11
BRDA:32,5,1,1
BRDA:38,6,0,12
BRDA:38,6,1,0
BRDA:39,7,0,11
BRDA:39,7,1,1
BRDA:47,8,0,7
BRDA:47,8,1,1
BRDA:53,9,0,11
BRDA:53,9,1,1
BRDA:58,10,0,11
BRDA:58,10,1,0
BRDA:61,11,0,11
BRDA:61,11,1,0
BRDA:62,12,0,4
BRDA:62,12,1,7
BRDA:62,13,0,11
BRDA:62,13,1,5
BRDA:70,14,0,1
BRDA:70,14,1,9
BRDA:75,15,0,6
BRDA:75,15,1,3
BRDA:78,16,0,12
BRDA:78,16,1,0
BRDA:80,17,0,6
BRDA:80,17,1,6
BRDA:89,18,0,5
BRDA:89,18,1,0
BRDA:91,19,0,3
BRDA:91,19,1,2
BRF:37
BRH:32
end_of_record
TN:
SF:src\core\state.js
FN:10,saveState
FN:17,(anonymous_1)
FN:21,(anonymous_2)
FN:26,(anonymous_3)
FN:31,(anonymous_4)
FN:36,(anonymous_5)
FN:41,(anonymous_6)
FN:46,(anonymous_7)
FN:50,(anonymous_8)
FN:54,(anonymous_9)
FN:58,(anonymous_10)
FN:62,(anonymous_11)
FN:67,(anonymous_12)
FN:72,(anonymous_13)
FN:76,(anonymous_14)
FN:81,(anonymous_15)
FN:85,(anonymous_16)
FNF:17
FNH:17
FNDA:97,saveState
FNDA:9,(anonymous_1)
FNDA:33,(anonymous_2)
FNDA:2,(anonymous_3)
FNDA:2,(anonymous_4)
FNDA:2,(anonymous_5)
FNDA:1,(anonymous_6)
FNDA:8,(anonymous_7)
FNDA:28,(anonymous_8)
FNDA:3,(anonymous_9)
FNDA:3,(anonymous_10)
FNDA:2,(anonymous_11)
FNDA:25,(anonymous_12)
FNDA:4,(anonymous_13)
FNDA:5,(anonymous_14)
FNDA:2,(anonymous_15)
FNDA:25,(anonymous_16)
DA:5,1
DA:6,1
DA:7,1
DA:8,1
DA:11,97
DA:12,96
DA:16,1
DA:18,9
DA:22,33
DA:23,33
DA:27,2
DA:28,2
DA:32,2
DA:33,2
DA:37,2
DA:38,2
DA:42,1
DA:43,1
DA:47,8
DA:51,28
DA:55,3
DA:59,3
DA:63,2
DA:64,2
DA:68,25
DA:69,25
DA:73,4
DA:77,5
DA:78,5
DA:82,2
DA:86,25
DA:87,25
LF:32
LH:32
BRDA:11,0,0,96
BRDA:11,0,1,1
BRF:2
BRH:2
end_of_record
TN:
SF:src\ui\alert-popup.js
FN:2,(anonymous_0)
FN:10,(anonymous_1)
FN:24,(anonymous_2)
FN:33,(anonymous_3)
FN:43,(anonymous_4)
FN:67,(anonymous_5)
FN:72,(anonymous_6)
FN:79,(anonymous_7)
FN:83,(anonymous_8)
FNF:9
FNH:9
FNDA:12,(anonymous_0)
FNDA:10,(anonymous_1)
FNDA:1,(anonymous_2)
FNDA:2,(anonymous_3)
FNDA:8,(anonymous_4)
FNDA:7,(anonymous_5)
FNDA:4,(anonymous_6)
FNDA:1,(anonymous_7)
FNDA:1,(anonymous_8)
DA:3,12
DA:4,12
DA:5,12
DA:6,12
DA:7,12
DA:12,10
DA:14,10
DA:15,10
DA:16,10
DA:17,10
DA:19,10
DA:20,2
DA:21,2
DA:24,8
DA:25,1
DA:26,1
DA:27,1
DA:28,1
DA:32,8
DA:33,8
DA:34,2
DA:35,2
DA:36,2
DA:37,2
DA:44,8
DA:46,8
DA:47,1
DA:50,7
DA:51,1
DA:53,6
DA:56,7
DA:58,7
DA:59,7
DA:60,7
DA:63,7
DA:65,7
DA:67,7
DA:68,7
DA:73,4
DA:74,4
DA:75,4
DA:80,1
DA:84,1
DA:88,12
LF:44
LH:44
BRDA:12,0,0,0
BRDA:12,0,1,10
BRDA:19,1,0,2
BRDA:19,1,1,8
BRDA:19,2,0,10
BRDA:19,2,1,8
BRDA:19,2,2,8
BRDA:26,3,0,1
BRDA:26,3,1,0
BRDA:32,4,0,8
BRDA:32,4,1,0
BRDA:35,5,0,2
BRDA:35,5,1,0
BRDA:43,6,0,1
BRDA:43,7,0,5
BRDA:43,8,0,5
BRDA:43,9,0,5
BRDA:43,10,0,7
BRDA:46,11,0,1
BRDA:46,11,1,7
BRDA:46,12,0,8
BRDA:46,12,1,7
BRDA:50,13,0,1
BRDA:50,13,1,6
BRDA:58,14,0,7
BRDA:58,14,1,0
BRDA:63,15,0,1
BRDA:63,15,1,6
BRDA:73,16,0,4
BRDA:73,16,1,0
BRF:30
BRH:24
end_of_record
TN:
SF:src\ui\runes-circle.js
FN:7,renderRunesCircle
FN:40,(anonymous_1)
FN:66,(anonymous_2)
FN:72,selectRandomViking
FN:76,(anonymous_4)
FN:86,(anonymous_5)
FN:95,(anonymous_6)
FN:96,(anonymous_7)
FN:101,(anonymous_8)
FN:110,breakChosenRune
FN:115,(anonymous_10)
FN:125,resetChosenRune
FN:129,(anonymous_12)
FNF:13
FNH:13
FNDA:7,renderRunesCircle
FNDA:6,(anonymous_1)
FNDA:1,(anonymous_2)
FNDA:5,selectRandomViking
FNDA:6,(anonymous_4)
FNDA:6,(anonymous_5)
FNDA:3,(anonymous_6)
FNDA:5,(anonymous_7)
FNDA:1,(anonymous_8)
FNDA:4,breakChosenRune
FNDA:4,(anonymous_10)
FNDA:3,resetChosenRune
FNDA:3,(anonymous_12)
DA:8,7
DA:9,7
DA:11,6
DA:12,6
DA:13,6
DA:15,6
DA:16,6
DA:17,6
DA:19,5
DA:20,5
DA:21,5
DA:23,5
DA:24,1
DA:25,4
DA:26,1
DA:29,5
DA:30,5
DA:31,5
DA:32,5
DA:33,5
DA:34,5
DA:35,5
DA:37,5
DA:38,5
DA:40,5
DA:41,6
DA:42,6
DA:43,6
DA:45,6
DA:46,6
DA:48,6
DA:49,6
DA:50,6
DA:51,6
DA:52,6
DA:53,6
DA:54,6
DA:55,6
DA:56,6
DA:58,6
DA:59,6
DA:62,5
DA:63,5
DA:65,5
DA:66,5
DA:67,1
DA:68,1
DA:73,5
DA:74,5
DA:76,4
DA:77,6
DA:80,4
DA:81,4
DA:82,4
DA:83,4
DA:86,6
DA:87,4
DA:89,3
DA:90,3
DA:91,3
DA:93,3
DA:95,3
DA:96,3
DA:97,5
DA:99,3
DA:101,3
DA:102,1
DA:103,1
DA:104,1
DA:111,4
DA:112,4
DA:113,3
DA:114,3
DA:115,4
DA:116,2
DA:117,1
DA:118,1
DA:120,1
DA:122,1
DA:126,3
DA:127,3
DA:129,2
DA:130,3
DA:133,2
DA:134,2
DA:135,2
DA:136,2
LF:87
LH:87
BRDA:9,0,0,1
BRDA:9,0,1,6
BRDA:17,1,0,1
BRDA:17,1,1,5
BRDA:23,2,0,1
BRDA:23,2,1,4
BRDA:23,3,0,5
BRDA:23,3,1,1
BRDA:25,4,0,1
BRDA:25,4,1,3
BRDA:74,5,0,1
BRDA:74,5,1,4
BRDA:81,6,0,4
BRDA:81,6,1,0
BRDA:87,7,0,1
BRDA:87,7,1,3
BRDA:97,8,0,2
BRDA:97,8,1,3
BRDA:102,9,0,1
BRDA:102,9,1,0
BRDA:112,10,0,1
BRDA:112,10,1,3
BRDA:114,11,0,1
BRDA:114,11,1,2
BRDA:116,12,0,1
BRDA:116,12,1,1
BRDA:127,13,0,1
BRDA:127,13,1,2
BRDA:134,14,0,2
BRDA:134,14,1,0
BRF:30
BRH:27
end_of_record
TN:
SF:src\ui\typewriter.js
FN:2,(anonymous_0)
FN:26,(anonymous_1)
FN:31,(anonymous_2)
FN:42,(anonymous_3)
FN:55,(anonymous_4)
FN:60,(anonymous_5)
FN:92,(anonymous_6)
FN:96,(anonymous_7)
FN:103,(anonymous_8)
FN:117,(anonymous_9)
FN:122,(anonymous_10)
FN:127,(anonymous_11)
FN:134,(anonymous_12)
FN:141,(anonymous_13)
FN:147,(anonymous_14)
FN:160,(anonymous_15)
FNF:16
FNH:11
FNDA:22,(anonymous_0)
FNDA:16,(anonymous_1)
FNDA:16,(anonymous_2)
FNDA:98,(anonymous_3)
FNDA:0,(anonymous_4)
FNDA:0,(anonymous_5)
FNDA:4,(anonymous_6)
FNDA:6,(anonymous_7)
FNDA:0,(anonymous_8)
FNDA:0,(anonymous_9)
FNDA:3,(anonymous_10)
FNDA:0,(anonymous_11)
FNDA:8,(anonymous_12)
FNDA:1,(anonymous_13)
FNDA:23,(anonymous_14)
FNDA:1,(anonymous_15)
DA:3,22
DA:4,22
DA:16,22
DA:17,22
DA:18,22
DA:19,22
DA:20,22
DA:22,22
DA:23,22
DA:24,22
DA:25,22
DA:26,22
DA:27,22
DA:28,22
DA:32,16
DA:34,14
DA:35,14
DA:36,14
DA:38,14
DA:39,14
DA:40,14
DA:42,14
DA:43,98
DA:44,2
DA:45,2
DA:48,96
DA:49,7
DA:50,7
DA:51,7
DA:52,7
DA:54,0
DA:55,0
DA:56,0
DA:57,0
DA:58,0
DA:60,0
DA:61,0
DA:62,0
DA:63,0
DA:65,0
DA:66,0
DA:67,0
DA:68,0
DA:70,0
DA:71,0
DA:74,0
DA:78,89
DA:79,87
DA:80,87
DA:81,87
DA:83,2
DA:84,2
DA:89,14
DA:93,4
DA:95,3
DA:96,3
DA:97,6
DA:98,5
DA:99,5
DA:102,3
DA:103,0
DA:104,0
DA:105,0
DA:109,3
DA:110,3
DA:112,3
DA:113,0
DA:114,0
DA:117,3
DA:118,0
DA:123,3
DA:125,2
DA:127,2
DA:128,0
DA:129,0
DA:135,8
DA:136,8
DA:138,8
DA:139,8
DA:140,8
DA:141,8
DA:142,1
DA:148,23
DA:149,23
DA:150,12
DA:151,12
DA:153,23
DA:154,2
DA:155,2
DA:157,23
DA:161,1
DA:162,1
LF:92
LH:68
BRDA:2,0,0,5
BRDA:2,1,0,13
BRDA:4,2,0,22
BRDA:4,2,1,12
BRDA:16,3,0,22
BRDA:16,3,1,16
BRDA:17,4,0,22
BRDA:17,4,1,14
BRDA:18,5,0,22
BRDA:18,5,1,17
BRDA:19,6,0,22
BRDA:19,6,1,17
BRDA:20,7,0,22
BRDA:20,7,1,18
BRDA:26,8,0,22
BRDA:26,8,1,16
BRDA:32,9,0,2
BRDA:32,9,1,14
BRDA:32,10,0,16
BRDA:32,10,1,15
BRDA:35,11,0,14
BRDA:35,11,1,12
BRDA:36,12,0,14
BRDA:36,12,1,2
BRDA:38,13,0,2
BRDA:38,13,1,12
BRDA:40,14,0,2
BRDA:40,14,1,12
BRDA:43,15,0,2
BRDA:43,15,1,96
BRDA:43,16,0,98
BRDA:43,16,1,98
BRDA:43,16,2,98
BRDA:48,17,0,7
BRDA:48,17,1,89
BRDA:49,18,0,7
BRDA:49,18,1,0
BRDA:56,19,0,0
BRDA:56,19,1,0
BRDA:56,20,0,0
BRDA:56,20,1,0
BRDA:56,20,2,0
BRDA:61,21,0,0
BRDA:61,21,1,0
BRDA:61,22,0,0
BRDA:61,22,1,0
BRDA:61,22,2,0
BRDA:65,23,0,0
BRDA:65,23,1,0
BRDA:71,24,0,0
BRDA:71,24,1,0
BRDA:78,25,0,87
BRDA:78,25,1,2
BRDA:84,26,0,2
BRDA:84,26,1,0
BRDA:93,27,0,1
BRDA:93,27,1,3
BRDA:93,28,0,4
BRDA:93,28,1,4
BRDA:93,28,2,3
BRDA:95,29,0,3
BRDA:95,29,1,2
BRDA:97,30,0,1
BRDA:97,30,1,5
BRDA:98,31,0,0
BRDA:98,31,1,5
BRDA:98,32,0,5
BRDA:98,32,1,1
BRDA:102,33,0,0
BRDA:102,33,1,3
BRDA:104,34,0,0
BRDA:104,34,1,0
BRDA:112,35,0,0
BRDA:112,35,1,3
BRDA:123,36,0,1
BRDA:123,36,1,2
BRDA:123,37,0,3
BRDA:123,37,1,2
BRDA:128,38,0,0
BRDA:128,38,1,0
BRDA:128,39,0,0
BRDA:128,39,1,0
BRDA:128,39,2,0
BRDA:134,40,0,7
BRDA:135,41,0,0
BRDA:135,41,1,8
BRDA:138,42,0,8
BRDA:138,42,1,0
BRDA:139,43,0,8
BRDA:139,43,1,7
BRDA:149,44,0,12
BRDA:149,44,1,11
BRDA:153,45,0,2
BRDA:153,45,1,21
BRF:94
BRH:66
end_of_record
TN:
SF:src\ui\vikings-list.js
FN:5,renderVikingsList
FN:15,(anonymous_1)
FNF:2
FNH:2
FNDA:6,renderVikingsList
FNDA:5,(anonymous_1)
DA:6,6
DA:7,6
DA:9,5
DA:10,5
DA:12,5
DA:13,5
DA:15,5
DA:16,5
DA:17,5
DA:19,5
DA:20,4
DA:21,4
DA:22,4
DA:23,4
DA:27,5
LF:15
LH:15
BRDA:7,0,0,1
BRDA:7,0,1,5
BRDA:19,1,0,4
BRDA:19,1,1,1
BRF:4
BRH:4
end_of_record
TN:
SF:src\ui\screens\credit-screen.js
FN:7,initCreditScreen
FN:13,(anonymous_1)
FN:16,handleHomeClick
FNF:3
FNH:3
FNDA:2,initCreditScreen
FNDA:2,(anonymous_1)
FNDA:2,handleHomeClick
DA:8,2
DA:9,2
DA:10,2
DA:12,2
DA:13,2
DA:17,2
DA:19,1
DA:20,1
DA:21,1
DA:22,1
DA:24,1
DA:25,1
DA:26,1
DA:27,1
DA:28,1
DA:29,1
LF:16
LH:16
BRDA:12,0,0,2
BRDA:12,0,1,0
BRDA:17,1,0,1
BRDA:17,1,1,1
BRDA:17,2,0,2
BRDA:17,2,1,1
BRF:6
BRH:5
end_of_record
TN:
SF:src\ui\screens\home-screen.js
FN:4,initHomeScreen
FN:24,handleMuteClick
FN:30,handlePlayClick
FN:39,initInfoPopup
FN:40,(anonymous_4)
FN:46,(anonymous_5)
FN:51,(anonymous_6)
FNF:7
FNH:7
FNDA:4,initHomeScreen
FNDA:1,handleMuteClick
FNDA:1,handlePlayClick
FNDA:4,initInfoPopup
FNDA:2,(anonymous_4)
FNDA:1,(anonymous_5)
FNDA:1,(anonymous_6)
DA:5,4
DA:6,4
DA:7,4
DA:8,4
DA:9,4
DA:10,4
DA:12,4
DA:13,4
DA:16,4
DA:17,4
DA:20,4
DA:21,4
DA:25,1
DA:26,1
DA:27,1
DA:31,1
DA:32,1
DA:33,1
DA:34,1
DA:35,1
DA:40,4
DA:41,2
DA:44,4
DA:45,4
DA:46,4
DA:47,1
DA:51,4
DA:52,1
DA:53,1
LF:29
LH:29
BRDA:12,0,0,4
BRDA:12,0,1,0
BRDA:16,1,0,4
BRDA:16,1,1,0
BRDA:20,2,0,4
BRDA:20,2,1,0
BRDA:20,3,0,4
BRDA:20,3,1,4
BRDA:31,4,0,1
BRDA:31,4,1,0
BRDA:31,5,0,1
BRDA:31,5,1,1
BRDA:45,6,0,4
BRDA:45,6,1,0
BRDA:52,7,0,1
BRDA:52,7,1,0
BRF:16
BRH:10
end_of_record
TN:
SF:src\ui\screens\ingame-screen.js
FN:12,resetGameState
FN:33,setGameEnded
FN:37,getGameEnded
FN:41,restoreWinner
FN:46,(anonymous_4)
FN:51,(anonymous_5)
FN:87,initIngameScreen
FN:107,(anonymous_7)
FN:112,(anonymous_8)
FN:127,(anonymous_9)
FN:134,(anonymous_10)
FN:139,handleHomeClick
FN:164,handleSacrifice
FN:179,(anonymous_13)
FN:191,(anonymous_14)
FN:199,(anonymous_15)
FN:209,(anonymous_16)
FN:226,(anonymous_17)
FN:240,selectWinner
FN:242,(anonymous_19)
FN:247,(anonymous_20)
FN:259,(anonymous_21)
FN:264,showWinner
FN:269,preloadThorImages
FN:276,playBackgroundVideo
FN:280,(anonymous_25)
FNF:26
FNH:19
FNDA:10,resetGameState
FNDA:3,setGameEnded
FNDA:69,getGameEnded
FNDA:2,restoreWinner
FNDA:1,(anonymous_4)
FNDA:1,(anonymous_5)
FNDA:4,initIngameScreen
FNDA:67,(anonymous_7)
FNDA:1,(anonymous_8)
FNDA:1,(anonymous_9)
FNDA:2,(anonymous_10)
FNDA:1,handleHomeClick
FNDA:2,handleSacrifice
FNDA:1,(anonymous_13)
FNDA:1,(anonymous_14)
FNDA:1,(anonymous_15)
FNDA:1,(anonymous_16)
FNDA:0,(anonymous_17)
FNDA:0,selectWinner
FNDA:0,(anonymous_19)
FNDA:0,(anonymous_20)
FNDA:0,(anonymous_21)
FNDA:0,showWinner
FNDA:4,preloadThorImages
FNDA:4,playBackgroundVideo
FNDA:0,(anonymous_25)
DA:9,2
DA:10,2
DA:13,10
DA:14,10
DA:15,10
DA:16,10
DA:18,10
DA:19,10
DA:20,10
DA:21,10
DA:24,10
DA:25,10
DA:26,6
DA:27,6
DA:30,10
DA:34,3
DA:38,69
DA:42,2
DA:43,2
DA:45,1
DA:46,1
DA:47,1
DA:50,1
DA:51,1
DA:52,1
DA:54,1
DA:57,1
DA:58,1
DA:59,1
DA:60,1
DA:63,1
DA:73,1
DA:75,1
DA:76,1
DA:77,1
DA:78,1
DA:79,1
DA:80,1
DA:81,1
DA:82,1
DA:88,4
DA:89,4
DA:90,4
DA:91,4
DA:92,4
DA:93,4
DA:94,4
DA:95,4
DA:97,4
DA:99,4
DA:101,4
DA:108,67
DA:112,4
DA:113,1
DA:114,0
DA:116,1
DA:120,4
DA:122,4
DA:123,4
DA:126,4
DA:127,4
DA:128,1
DA:129,1
DA:133,4
DA:134,4
DA:137,4
DA:140,1
DA:142,1
DA:143,1
DA:144,1
DA:145,1
DA:146,1
DA:148,1
DA:149,1
DA:151,1
DA:152,1
DA:153,1
DA:154,1
DA:155,1
DA:156,1
DA:157,1
DA:162,4
DA:165,2
DA:167,2
DA:168,2
DA:169,2
DA:170,2
DA:173,2
DA:175,2
DA:176,2
DA:179,2
DA:180,1
DA:182,1
DA:183,1
DA:184,1
DA:185,1
DA:186,1
DA:187,1
DA:189,1
DA:191,1
DA:192,1
DA:193,1
DA:199,2
DA:200,1
DA:201,1
DA:202,1
DA:203,1
DA:204,1
DA:205,0
DA:209,1
DA:210,1
DA:211,1
DA:213,1
DA:214,1
DA:216,1
DA:217,1
DA:218,1
DA:219,1
DA:220,1
DA:221,1
DA:222,1
DA:223,1
DA:224,1
DA:226,1
DA:227,0
DA:230,0
DA:231,0
DA:232,0
DA:233,0
DA:241,0
DA:242,0
DA:243,0
DA:246,0
DA:247,0
DA:248,0
DA:250,0
DA:252,0
DA:253,0
DA:254,0
DA:255,0
DA:259,0
DA:260,0
DA:265,0
DA:270,4
DA:271,4
DA:272,4
DA:273,4
DA:277,4
DA:278,4
DA:279,4
DA:280,4
LF:151
LH:130
BRDA:19,0,0,10
BRDA:19,0,1,0
BRDA:25,1,0,6
BRDA:25,1,1,4
BRDA:43,2,0,1
BRDA:43,2,1,1
BRDA:47,3,0,1
BRDA:47,3,1,1
BRDA:50,4,0,1
BRDA:50,4,1,0
BRDA:58,5,0,1
BRDA:58,5,1,0
BRDA:75,6,0,1
BRDA:75,6,1,0
BRDA:78,7,0,1
BRDA:78,7,1,0
BRDA:78,8,0,1
BRDA:78,8,1,1
BRDA:108,9,0,67
BRDA:108,9,1,67
BRDA:113,10,0,0
BRDA:113,10,1,1
BRDA:113,11,0,1
BRDA:113,11,1,0
BRDA:122,12,0,4
BRDA:122,12,1,0
BRDA:122,13,0,4
BRDA:122,13,1,4
BRDA:126,14,0,4
BRDA:126,14,1,0
BRDA:133,15,0,4
BRDA:133,15,1,0
BRDA:142,16,0,1
BRDA:142,16,1,0
BRDA:148,17,0,1
BRDA:148,17,1,0
BRDA:149,18,0,1
BRDA:149,18,1,0
BRDA:151,19,0,1
BRDA:151,19,1,0
BRDA:151,20,0,1
BRDA:151,20,1,1
BRDA:165,21,0,0
BRDA:165,21,1,2
BRDA:165,22,0,2
BRDA:165,22,1,2
BRDA:168,23,0,2
BRDA:168,23,1,0
BRDA:175,24,0,2
BRDA:175,24,1,0
BRDA:183,25,0,1
BRDA:183,25,1,0
BRDA:185,26,0,1
BRDA:185,26,1,0
BRDA:192,27,0,1
BRDA:192,27,1,0
BRDA:201,28,0,1
BRDA:201,28,1,0
BRDA:204,29,0,0
BRDA:204,29,1,1
BRDA:210,30,0,1
BRDA:210,30,1,0
BRDA:217,31,0,1
BRDA:217,31,1,0
BRDA:231,32,0,0
BRDA:231,32,1,0
BRDA:243,33,0,0
BRDA:243,33,1,0
BRDA:246,34,0,0
BRDA:246,34,1,0
BRDA:253,35,0,0
BRDA:253,35,1,0
BRDA:278,36,0,0
BRDA:278,36,1,4
BRDA:279,37,0,4
BRDA:279,37,1,0
BRF:76
BRH:42
end_of_record
TN:
SF:src\ui\screens\player-selection-screen.js
FN:11,initPlayerSelectionScreen
FN:26,(anonymous_1)
FN:27,(anonymous_2)
FN:33,(anonymous_3)
FN:41,(anonymous_4)
FN:45,(anonymous_5)
FN:49,(anonymous_6)
FN:52,addViking
FN:76,removeViking
FN:81,(anonymous_9)
FN:95,handleBackClick
FN:115,handleGameStart
FN:131,(anonymous_12)
FNF:13
FNH:12
FNDA:13,initPlayerSelectionScreen
FNDA:4,(anonymous_1)
FNDA:1,(anonymous_2)
FNDA:2,(anonymous_3)
FNDA:2,(anonymous_4)
FNDA:1,(anonymous_5)
FNDA:3,(anonymous_6)
FNDA:5,addViking
FNDA:2,removeViking
FNDA:1,(anonymous_9)
FNDA:1,handleBackClick
FNDA:3,handleGameStart
FNDA:0,(anonymous_12)
DA:12,13
DA:13,13
DA:14,13
DA:15,13
DA:16,13
DA:17,13
DA:18,13
DA:19,13
DA:20,13
DA:21,13
DA:23,13
DA:25,13
DA:26,12
DA:27,12
DA:28,1
DA:29,1
DA:33,12
DA:34,2
DA:40,13
DA:41,12
DA:44,13
DA:45,12
DA:48,13
DA:49,13
DA:53,5
DA:54,5
DA:56,4
DA:57,1
DA:58,1
DA:61,3
DA:62,1
DA:63,1
DA:66,2
DA:67,0
DA:68,0
DA:71,2
DA:72,2
DA:73,2
DA:77,2
DA:78,2
DA:80,2
DA:81,1
DA:82,1
DA:83,1
DA:85,0
DA:88,1
DA:91,2
DA:92,2
DA:96,1
DA:98,1
DA:99,1
DA:100,1
DA:101,1
DA:102,1
DA:103,1
DA:105,1
DA:106,1
DA:107,1
DA:108,1
DA:109,1
DA:110,1
DA:116,3
DA:118,2
DA:119,1
DA:120,1
DA:123,1
DA:124,1
DA:126,1
DA:127,1
DA:129,1
DA:130,1
DA:131,1
DA:133,1
DA:134,1
DA:135,1
LF:75
LH:72
BRDA:25,0,0,12
BRDA:25,0,1,1
BRDA:25,1,0,13
BRDA:25,1,1,12
BRDA:28,2,0,1
BRDA:28,2,1,0
BRDA:40,3,0,12
BRDA:40,3,1,1
BRDA:40,4,0,13
BRDA:40,4,1,12
BRDA:44,5,0,12
BRDA:44,5,1,1
BRDA:48,6,0,13
BRDA:48,6,1,0
BRDA:54,7,0,1
BRDA:54,7,1,4
BRDA:56,8,0,1
BRDA:56,8,1,3
BRDA:61,9,0,1
BRDA:61,9,1,2
BRDA:66,10,0,0
BRDA:66,10,1,2
BRDA:80,11,0,1
BRDA:80,11,1,1
BRDA:82,12,0,1
BRDA:82,12,1,0
BRDA:98,13,0,1
BRDA:98,13,1,0
BRDA:105,14,0,1
BRDA:105,14,1,0
BRDA:105,15,0,1
BRDA:105,15,1,1
BRDA:116,16,0,1
BRDA:116,16,1,2
BRDA:116,17,0,3
BRDA:116,17,1,2
BRDA:118,18,0,1
BRDA:118,18,1,1
BRDA:130,19,0,0
BRDA:130,19,1,1
BRDA:131,20,0,1
BRDA:131,20,1,0
BRF:42
BRH:34
end_of_record
